---
  0 debug pnpm:scope: 
    selected: 1
    workspacePrefix: null
  1 info pnpm: 
    message: "A store server is running. All store manipulations are delegated to it."
    prefix: "/app"
  2 debug pnpm:package-json: 
    initial: 
      //1: "describes your app and its dependencies"
      //2: "https://docs.npmjs.com/files/package.json"
      //3: "updating this file will download and update your packages"
      name: "hello-express"
      version: "0.0.1"
      description: "A simple Node app built on Express, instantly up and running."
      main: "bot.js"
      scripts: 
        start: "node bot.js"
      dependencies: 
        catch: "^1.0.48"
        chalk: "^4.0.0"
        common-tags: "^1.8.0"
        discord.js: "^11.6.4"
        express: "^4.17.1"
        jimp: "^0.10.2"
        moment: "^2.24.0"
        moment-duration-format: "^2.2.2"
        node-superfetch: "^0.1.10"
        parse-ms: "^2.1.0"
        quick.db: "^7.1.1"
        reaction-role: "^1.6.4"
        return-deep-diff: "^0.4.0"
        simple-youtube-api: "^5.2.1"
        weather-js: "^2.0.0"
        ytdl-core: "^2.1.0"
      engines: 
        node: "8.x"
      repository: 
        url: "https://glitch.com/edit/#!/hello-express"
      license: "MIT"
      keywords: 
        - "node"
        - "glitch"
        - "express"
      readme: "# SYNERGY #LOADING <3\n\n● Bu alt Yapı **SYNERGY** sunucusuna aittir.\n\n● İzinsiz paylaşılamaz.\n"
      readmeFilename: "README.md"
      gitHead: "b1490fe56ccdcd52b19ae41f6e3291777232587b"
      _id: "hello-express@0.0.1"
    prefix: "/app"
  3 info pnpm: 
    message: "Performing headless installation"
    prefix: "/app"
  4 debug pnpm:stats: 
    prefix: "/app"
    removed: 0
  5 debug pnpm:stage: 
    prefix: "/app"
    stage: "importing_started"
  6 warn pnpm:install-check: 
    message: "Unsupported engine for /chalk/4.0.0: wanted: {\"node\":\">=10\"} (current: {\"node\":\"v8.15.1\",\"pnpm\":\"2.25.5\"})"
    prefix: "/app"
  7 warn pnpm:install-check: 
    message: "Unsupported engine for /discord.js/12.2.0: wanted: {\"node\":\">=12.0.0\"} (current: {\"node\":\"v8.15.1\",\"pnpm\":\"2.25.5\"})"
    prefix: "/app"
  8 warn pnpm:install-check: 
    message: "Unsupported engine for /ytdl-core/2.1.0: wanted: {\"node\":\">=10\"} (current: {\"node\":\"v8.15.1\",\"pnpm\":\"2.25.5\"})"
    prefix: "/app"
  9 warn pnpm:install-check: 
    message: "Unsupported engine for /miniget/1.7.0: wanted: {\"node\":\">=10\"} (current: {\"node\":\"v8.15.1\",\"pnpm\":\"2.25.5\"})"
    prefix: "/app"
  10 debug pnpm:progress: 
    packageId: "registry.npmjs.org/catch/1.0.48"
    requester: "/app"
    status: "resolved"
  11 debug pnpm:progress: 
    packageId: "registry.npmjs.org/chalk/4.0.0"
    requester: "/app"
    status: "resolved"
  12 debug pnpm:progress: 
    packageId: "registry.npmjs.org/ansi-styles/4.2.1"
    requester: "/app"
    status: "resolved"
  13 debug pnpm:progress: 
    packageId: "registry.npmjs.org/ansi-styles/4.2.1"
    requester: "/app"
    status: "found_in_store"
  14 debug pnpm:progress: 
    packageId: "registry.npmjs.org/chalk/4.0.0"
    requester: "/app"
    status: "found_in_store"
  15 debug pnpm:progress: 
    packageId: "registry.npmjs.org/@types/color-name/1.1.1"
    requester: "/app"
    status: "resolved"
  16 debug pnpm:progress: 
    packageId: "registry.npmjs.org/@types/color-name/1.1.1"
    requester: "/app"
    status: "found_in_store"
  17 debug pnpm:progress: 
    packageId: "registry.npmjs.org/color-convert/2.0.1"
    requester: "/app"
    status: "resolved"
  18 debug pnpm:progress: 
    packageId: "registry.npmjs.org/color-convert/2.0.1"
    requester: "/app"
    status: "found_in_store"
  19 debug pnpm:progress: 
    packageId: "registry.npmjs.org/color-name/1.1.4"
    requester: "/app"
    status: "resolved"
  20 debug pnpm:progress: 
    packageId: "registry.npmjs.org/color-name/1.1.4"
    requester: "/app"
    status: "found_in_store"
  21 debug pnpm:progress: 
    packageId: "registry.npmjs.org/supports-color/7.1.0"
    requester: "/app"
    status: "resolved"
  22 debug pnpm:progress: 
    packageId: "registry.npmjs.org/supports-color/7.1.0"
    requester: "/app"
    status: "found_in_store"
  23 debug pnpm:progress: 
    packageId: "registry.npmjs.org/has-flag/4.0.0"
    requester: "/app"
    status: "resolved"
  24 debug pnpm:progress: 
    packageId: "registry.npmjs.org/has-flag/4.0.0"
    requester: "/app"
    status: "found_in_store"
  25 debug pnpm:progress: 
    packageId: "registry.npmjs.org/common-tags/1.8.0"
    requester: "/app"
    status: "resolved"
  26 debug pnpm:progress: 
    packageId: "registry.npmjs.org/common-tags/1.8.0"
    requester: "/app"
    status: "found_in_store"
  27 debug pnpm:progress: 
    packageId: "registry.npmjs.org/discord.js/11.6.4"
    requester: "/app"
    status: "resolved"
  28 debug pnpm:progress: 
    packageId: "registry.npmjs.org/discord.js/11.6.4"
    requester: "/app"
    status: "found_in_store"
  29 debug pnpm:progress: 
    packageId: "registry.npmjs.org/long/4.0.0"
    requester: "/app"
    status: "resolved"
  30 debug pnpm:progress: 
    packageId: "registry.npmjs.org/prism-media/0.0.4"
    requester: "/app"
    status: "resolved"
  31 debug pnpm:progress: 
    packageId: "registry.npmjs.org/snekfetch/3.6.4"
    requester: "/app"
    status: "resolved"
  32 debug pnpm:progress: 
    packageId: "registry.npmjs.org/prism-media/0.0.4"
    requester: "/app"
    status: "found_in_store"
  33 debug pnpm:progress: 
    packageId: "registry.npmjs.org/tweetnacl/1.0.3"
    requester: "/app"
    status: "resolved"
  34 debug pnpm:progress: 
    packageId: "registry.npmjs.org/long/4.0.0"
    requester: "/app"
    status: "found_in_store"
  35 debug pnpm:progress: 
    packageId: "registry.npmjs.org/ws/6.2.1"
    requester: "/app"
    status: "resolved"
  36 debug pnpm:progress: 
    packageId: "registry.npmjs.org/snekfetch/3.6.4"
    requester: "/app"
    status: "found_in_store"
  37 debug pnpm:progress: 
    packageId: "registry.npmjs.org/async-limiter/1.0.1"
    requester: "/app"
    status: "resolved"
  38 debug pnpm:progress: 
    packageId: "registry.npmjs.org/express/4.17.1"
    requester: "/app"
    status: "resolved"
  39 debug pnpm:progress: 
    packageId: "registry.npmjs.org/tweetnacl/1.0.3"
    requester: "/app"
    status: "found_in_store"
  40 debug pnpm:progress: 
    packageId: "registry.npmjs.org/ws/6.2.1"
    requester: "/app"
    status: "found_in_store"
  41 debug pnpm:progress: 
    packageId: "registry.npmjs.org/accepts/1.3.7"
    requester: "/app"
    status: "resolved"
  42 debug pnpm:progress: 
    packageId: "registry.npmjs.org/async-limiter/1.0.1"
    requester: "/app"
    status: "found_in_store"
  43 debug pnpm:progress: 
    packageId: "registry.npmjs.org/mime-types/2.1.27"
    requester: "/app"
    status: "resolved"
  44 debug pnpm:progress: 
    packageId: "registry.npmjs.org/mime-db/1.44.0"
    requester: "/app"
    status: "resolved"
  45 debug pnpm:progress: 
    packageId: "registry.npmjs.org/accepts/1.3.7"
    requester: "/app"
    status: "found_in_store"
  46 debug pnpm:progress: 
    packageId: "registry.npmjs.org/mime-types/2.1.27"
    requester: "/app"
    status: "found_in_store"
  47 debug pnpm:progress: 
    packageId: "registry.npmjs.org/negotiator/0.6.2"
    requester: "/app"
    status: "resolved"
  48 debug pnpm:progress: 
    packageId: "registry.npmjs.org/express/4.17.1"
    requester: "/app"
    status: "found_in_store"
  49 debug pnpm:progress: 
    packageId: "registry.npmjs.org/array-flatten/1.1.1"
    requester: "/app"
    status: "resolved"
  50 debug pnpm:progress: 
    packageId: "registry.npmjs.org/array-flatten/1.1.1"
    requester: "/app"
    status: "found_in_store"
  51 debug pnpm:progress: 
    packageId: "registry.npmjs.org/body-parser/1.19.0"
    requester: "/app"
    status: "resolved"
  52 debug pnpm:progress: 
    packageId: "registry.npmjs.org/negotiator/0.6.2"
    requester: "/app"
    status: "found_in_store"
  53 debug pnpm:progress: 
    packageId: "registry.npmjs.org/bytes/3.1.0"
    requester: "/app"
    status: "resolved"
  54 debug pnpm:progress: 
    packageId: "registry.npmjs.org/content-type/1.0.4"
    requester: "/app"
    status: "resolved"
  55 debug pnpm:progress: 
    packageId: "registry.npmjs.org/body-parser/1.19.0"
    requester: "/app"
    status: "found_in_store"
  56 debug pnpm:progress: 
    packageId: "registry.npmjs.org/mime-db/1.44.0"
    requester: "/app"
    status: "found_in_store"
  57 debug pnpm:progress: 
    packageId: "registry.npmjs.org/debug/2.6.9"
    requester: "/app"
    status: "resolved"
  58 debug pnpm:progress: 
    packageId: "registry.npmjs.org/bytes/3.1.0"
    requester: "/app"
    status: "found_in_store"
  59 debug pnpm:progress: 
    packageId: "registry.npmjs.org/content-type/1.0.4"
    requester: "/app"
    status: "found_in_store"
  60 debug pnpm:progress: 
    packageId: "registry.npmjs.org/ms/2.0.0"
    requester: "/app"
    status: "resolved"
  61 debug pnpm:progress: 
    packageId: "registry.npmjs.org/depd/1.1.2"
    requester: "/app"
    status: "resolved"
  62 debug pnpm:progress: 
    packageId: "registry.npmjs.org/debug/2.6.9"
    requester: "/app"
    status: "found_in_store"
  63 debug pnpm:progress: 
    packageId: "registry.npmjs.org/http-errors/1.7.2"
    requester: "/app"
    status: "resolved"
  64 debug pnpm:progress: 
    packageId: "registry.npmjs.org/ms/2.0.0"
    requester: "/app"
    status: "found_in_store"
  65 debug pnpm:progress: 
    packageId: "registry.npmjs.org/inherits/2.0.3"
    requester: "/app"
    status: "resolved"
  66 debug pnpm:progress: 
    packageId: "registry.npmjs.org/depd/1.1.2"
    requester: "/app"
    status: "found_in_store"
  67 debug pnpm:progress: 
    packageId: "registry.npmjs.org/setprototypeof/1.1.1"
    requester: "/app"
    status: "resolved"
  68 debug pnpm:progress: 
    packageId: "registry.npmjs.org/http-errors/1.7.2"
    requester: "/app"
    status: "found_in_store"
  69 debug pnpm:progress: 
    packageId: "registry.npmjs.org/inherits/2.0.3"
    requester: "/app"
    status: "found_in_store"
  70 debug pnpm:progress: 
    packageId: "registry.npmjs.org/statuses/1.5.0"
    requester: "/app"
    status: "resolved"
  71 debug pnpm:progress: 
    packageId: "registry.npmjs.org/setprototypeof/1.1.1"
    requester: "/app"
    status: "found_in_store"
  72 debug pnpm:progress: 
    packageId: "registry.npmjs.org/toidentifier/1.0.0"
    requester: "/app"
    status: "resolved"
  73 debug pnpm:progress: 
    packageId: "registry.npmjs.org/statuses/1.5.0"
    requester: "/app"
    status: "found_in_store"
  74 debug pnpm:progress: 
    packageId: "registry.npmjs.org/iconv-lite/0.4.24"
    requester: "/app"
    status: "resolved"
  75 debug pnpm:progress: 
    packageId: "registry.npmjs.org/toidentifier/1.0.0"
    requester: "/app"
    status: "found_in_store"
  76 debug pnpm:progress: 
    packageId: "registry.npmjs.org/safer-buffer/2.1.2"
    requester: "/app"
    status: "resolved"
  77 debug pnpm:progress: 
    packageId: "registry.npmjs.org/on-finished/2.3.0"
    requester: "/app"
    status: "resolved"
  78 debug pnpm:progress: 
    packageId: "registry.npmjs.org/iconv-lite/0.4.24"
    requester: "/app"
    status: "found_in_store"
  79 debug pnpm:progress: 
    packageId: "registry.npmjs.org/ee-first/1.1.1"
    requester: "/app"
    status: "resolved"
  80 debug pnpm:progress: 
    packageId: "registry.npmjs.org/safer-buffer/2.1.2"
    requester: "/app"
    status: "found_in_store"
  81 debug pnpm:progress: 
    packageId: "registry.npmjs.org/qs/6.7.0"
    requester: "/app"
    status: "resolved"
  82 debug pnpm:progress: 
    packageId: "registry.npmjs.org/on-finished/2.3.0"
    requester: "/app"
    status: "found_in_store"
  83 debug pnpm:progress: 
    packageId: "registry.npmjs.org/raw-body/2.4.0"
    requester: "/app"
    status: "resolved"
  84 debug pnpm:progress: 
    packageId: "registry.npmjs.org/ee-first/1.1.1"
    requester: "/app"
    status: "found_in_store"
  85 debug pnpm:progress: 
    packageId: "registry.npmjs.org/unpipe/1.0.0"
    requester: "/app"
    status: "resolved"
  86 debug pnpm:progress: 
    packageId: "registry.npmjs.org/qs/6.7.0"
    requester: "/app"
    status: "found_in_store"
  87 debug pnpm:progress: 
    packageId: "registry.npmjs.org/raw-body/2.4.0"
    requester: "/app"
    status: "found_in_store"
  88 debug pnpm:progress: 
    packageId: "registry.npmjs.org/type-is/1.6.18"
    requester: "/app"
    status: "resolved"
  89 debug pnpm:progress: 
    packageId: "registry.npmjs.org/media-typer/0.3.0"
    requester: "/app"
    status: "resolved"
  90 debug pnpm:progress: 
    packageId: "registry.npmjs.org/unpipe/1.0.0"
    requester: "/app"
    status: "found_in_store"
  91 debug pnpm:progress: 
    packageId: "registry.npmjs.org/content-disposition/0.5.3"
    requester: "/app"
    status: "resolved"
  92 debug pnpm:progress: 
    packageId: "registry.npmjs.org/content-disposition/0.5.3"
    requester: "/app"
    status: "found_in_store"
  93 debug pnpm:progress: 
    packageId: "registry.npmjs.org/safe-buffer/5.1.2"
    requester: "/app"
    status: "resolved"
  94 debug pnpm:progress: 
    packageId: "registry.npmjs.org/safe-buffer/5.1.2"
    requester: "/app"
    status: "found_in_store"
  95 debug pnpm:progress: 
    packageId: "registry.npmjs.org/type-is/1.6.18"
    requester: "/app"
    status: "found_in_store"
  96 debug pnpm:progress: 
    packageId: "registry.npmjs.org/cookie/0.4.0"
    requester: "/app"
    status: "resolved"
  97 debug pnpm:progress: 
    packageId: "registry.npmjs.org/cookie/0.4.0"
    requester: "/app"
    status: "found_in_store"
  98 debug pnpm:progress: 
    packageId: "registry.npmjs.org/media-typer/0.3.0"
    requester: "/app"
    status: "found_in_store"
  99 debug pnpm:progress: 
    packageId: "registry.npmjs.org/cookie-signature/1.0.6"
    requester: "/app"
    status: "resolved"
  100 debug pnpm:progress: 
    packageId: "registry.npmjs.org/cookie-signature/1.0.6"
    requester: "/app"
    status: "found_in_store"
  101 debug pnpm:progress: 
    packageId: "registry.npmjs.org/encodeurl/1.0.2"
    requester: "/app"
    status: "resolved"
  102 debug pnpm:progress: 
    packageId: "registry.npmjs.org/encodeurl/1.0.2"
    requester: "/app"
    status: "found_in_store"
  103 debug pnpm:progress: 
    packageId: "registry.npmjs.org/escape-html/1.0.3"
    requester: "/app"
    status: "resolved"
  104 debug pnpm:progress: 
    packageId: "registry.npmjs.org/escape-html/1.0.3"
    requester: "/app"
    status: "found_in_store"
  105 debug pnpm:progress: 
    packageId: "registry.npmjs.org/etag/1.8.1"
    requester: "/app"
    status: "resolved"
  106 debug pnpm:progress: 
    packageId: "registry.npmjs.org/etag/1.8.1"
    requester: "/app"
    status: "found_in_store"
  107 debug pnpm:progress: 
    packageId: "registry.npmjs.org/finalhandler/1.1.2"
    requester: "/app"
    status: "resolved"
  108 debug pnpm:progress: 
    packageId: "registry.npmjs.org/finalhandler/1.1.2"
    requester: "/app"
    status: "found_in_store"
  109 debug pnpm:progress: 
    packageId: "registry.npmjs.org/parseurl/1.3.3"
    requester: "/app"
    status: "resolved"
  110 debug pnpm:progress: 
    packageId: "registry.npmjs.org/parseurl/1.3.3"
    requester: "/app"
    status: "found_in_store"
  111 debug pnpm:progress: 
    packageId: "registry.npmjs.org/fresh/0.5.2"
    requester: "/app"
    status: "resolved"
  112 debug pnpm:progress: 
    packageId: "registry.npmjs.org/fresh/0.5.2"
    requester: "/app"
    status: "found_in_store"
  113 debug pnpm:progress: 
    packageId: "registry.npmjs.org/merge-descriptors/1.0.1"
    requester: "/app"
    status: "resolved"
  114 debug pnpm:progress: 
    packageId: "registry.npmjs.org/merge-descriptors/1.0.1"
    requester: "/app"
    status: "found_in_store"
  115 debug pnpm:progress: 
    packageId: "registry.npmjs.org/methods/1.1.2"
    requester: "/app"
    status: "resolved"
  116 debug pnpm:progress: 
    packageId: "registry.npmjs.org/methods/1.1.2"
    requester: "/app"
    status: "found_in_store"
  117 debug pnpm:progress: 
    packageId: "registry.npmjs.org/path-to-regexp/0.1.7"
    requester: "/app"
    status: "resolved"
  118 debug pnpm:progress: 
    packageId: "registry.npmjs.org/path-to-regexp/0.1.7"
    requester: "/app"
    status: "found_in_store"
  119 debug pnpm:progress: 
    packageId: "registry.npmjs.org/proxy-addr/2.0.6"
    requester: "/app"
    status: "resolved"
  120 debug pnpm:progress: 
    packageId: "registry.npmjs.org/proxy-addr/2.0.6"
    requester: "/app"
    status: "found_in_store"
  121 debug pnpm:progress: 
    packageId: "registry.npmjs.org/forwarded/0.1.2"
    requester: "/app"
    status: "resolved"
  122 debug pnpm:progress: 
    packageId: "registry.npmjs.org/forwarded/0.1.2"
    requester: "/app"
    status: "found_in_store"
  123 debug pnpm:progress: 
    packageId: "registry.npmjs.org/ipaddr.js/1.9.1"
    requester: "/app"
    status: "resolved"
  124 debug pnpm:progress: 
    packageId: "registry.npmjs.org/range-parser/1.2.1"
    requester: "/app"
    status: "resolved"
  125 debug pnpm:progress: 
    packageId: "registry.npmjs.org/ipaddr.js/1.9.1"
    requester: "/app"
    status: "found_in_store"
  126 debug pnpm:progress: 
    packageId: "registry.npmjs.org/range-parser/1.2.1"
    requester: "/app"
    status: "found_in_store"
  127 debug pnpm:progress: 
    packageId: "registry.npmjs.org/send/0.17.1"
    requester: "/app"
    status: "resolved"
  128 debug pnpm:progress: 
    packageId: "registry.npmjs.org/send/0.17.1"
    requester: "/app"
    status: "found_in_store"
  129 debug pnpm:progress: 
    packageId: "registry.npmjs.org/destroy/1.0.4"
    requester: "/app"
    status: "resolved"
  130 debug pnpm:progress: 
    packageId: "registry.npmjs.org/destroy/1.0.4"
    requester: "/app"
    status: "found_in_store"
  131 debug pnpm:progress: 
    packageId: "registry.npmjs.org/http-errors/1.7.3"
    requester: "/app"
    status: "resolved"
  132 debug pnpm:progress: 
    packageId: "registry.npmjs.org/http-errors/1.7.3"
    requester: "/app"
    status: "found_in_store"
  133 debug pnpm:progress: 
    packageId: "registry.npmjs.org/inherits/2.0.4"
    requester: "/app"
    status: "resolved"
  134 debug pnpm:progress: 
    packageId: "registry.npmjs.org/inherits/2.0.4"
    requester: "/app"
    status: "found_in_store"
  135 debug pnpm:progress: 
    packageId: "registry.npmjs.org/mime/1.6.0"
    requester: "/app"
    status: "resolved"
  136 debug pnpm:progress: 
    packageId: "registry.npmjs.org/mime/1.6.0"
    requester: "/app"
    status: "found_in_store"
  137 debug pnpm:progress: 
    packageId: "registry.npmjs.org/ms/2.1.1"
    requester: "/app"
    status: "resolved"
  138 debug pnpm:progress: 
    packageId: "registry.npmjs.org/ms/2.1.1"
    requester: "/app"
    status: "found_in_store"
  139 debug pnpm:progress: 
    packageId: "registry.npmjs.org/serve-static/1.14.1"
    requester: "/app"
    status: "resolved"
  140 debug pnpm:progress: 
    packageId: "registry.npmjs.org/serve-static/1.14.1"
    requester: "/app"
    status: "found_in_store"
  141 debug pnpm:progress: 
    packageId: "registry.npmjs.org/utils-merge/1.0.1"
    requester: "/app"
    status: "resolved"
  142 debug pnpm:progress: 
    packageId: "registry.npmjs.org/utils-merge/1.0.1"
    requester: "/app"
    status: "found_in_store"
  143 debug pnpm:progress: 
    packageId: "registry.npmjs.org/vary/1.1.2"
    requester: "/app"
    status: "resolved"
  144 debug pnpm:progress: 
    packageId: "registry.npmjs.org/vary/1.1.2"
    requester: "/app"
    status: "found_in_store"
  145 debug pnpm:progress: 
    packageId: "registry.npmjs.org/jimp/0.10.2"
    requester: "/app"
    status: "resolved"
  146 debug pnpm:progress: 
    packageId: "registry.npmjs.org/@babel/runtime/7.9.2"
    requester: "/app"
    status: "resolved"
  147 debug pnpm:progress: 
    packageId: "registry.npmjs.org/regenerator-runtime/0.13.5"
    requester: "/app"
    status: "resolved"
  148 debug pnpm:progress: 
    packageId: "registry.npmjs.org/@jimp/custom/0.10.2"
    requester: "/app"
    status: "resolved"
  149 debug pnpm:progress: 
    packageId: "registry.npmjs.org/@jimp/core/0.10.2"
    requester: "/app"
    status: "resolved"
  150 debug pnpm:progress: 
    packageId: "registry.npmjs.org/regenerator-runtime/0.13.5"
    requester: "/app"
    status: "found_in_store"
  151 debug pnpm:progress: 
    packageId: "registry.npmjs.org/@babel/runtime/7.9.2"
    requester: "/app"
    status: "found_in_store"
  152 debug pnpm:progress: 
    packageId: "registry.npmjs.org/@jimp/utils/0.10.2"
    requester: "/app"
    status: "resolved"
  153 debug pnpm:progress: 
    packageId: "registry.npmjs.org/@jimp/custom/0.10.2"
    requester: "/app"
    status: "found_in_store"
  154 debug pnpm:progress: 
    packageId: "registry.npmjs.org/core-js/3.6.5"
    requester: "/app"
    status: "resolved"
  155 debug pnpm:progress: 
    packageId: "registry.npmjs.org/@jimp/utils/0.10.2"
    requester: "/app"
    status: "found_in_store"
  156 debug pnpm:progress: 
    packageId: "registry.npmjs.org/@jimp/core/0.10.2"
    requester: "/app"
    status: "found_in_store"
  157 debug pnpm:progress: 
    packageId: "registry.npmjs.org/any-base/1.1.0"
    requester: "/app"
    status: "resolved"
  158 debug pnpm:progress: 
    packageId: "registry.npmjs.org/buffer/5.6.0"
    requester: "/app"
    status: "resolved"
  159 debug pnpm:progress: 
    packageId: "registry.npmjs.org/base64-js/1.3.1"
    requester: "/app"
    status: "resolved"
  160 debug pnpm:progress: 
    packageId: "registry.npmjs.org/any-base/1.1.0"
    requester: "/app"
    status: "found_in_store"
  161 debug pnpm:progress: 
    packageId: "registry.npmjs.org/ieee754/1.1.13"
    requester: "/app"
    status: "resolved"
  162 debug pnpm:progress: 
    packageId: "registry.npmjs.org/exif-parser/0.1.12"
    requester: "/app"
    status: "resolved"
  163 debug pnpm:progress: 
    packageId: "registry.npmjs.org/base64-js/1.3.1"
    requester: "/app"
    status: "found_in_store"
  164 debug pnpm:progress: 
    packageId: "registry.npmjs.org/buffer/5.6.0"
    requester: "/app"
    status: "found_in_store"
  165 debug pnpm:progress: 
    packageId: "registry.npmjs.org/file-type/9.0.0"
    requester: "/app"
    status: "resolved"
  166 debug pnpm:progress: 
    packageId: "registry.npmjs.org/ieee754/1.1.13"
    requester: "/app"
    status: "found_in_store"
  167 debug pnpm:progress: 
    packageId: "registry.npmjs.org/load-bmfont/1.4.0"
    requester: "/app"
    status: "resolved"
  168 debug pnpm:progress: 
    packageId: "registry.npmjs.org/buffer-equal/0.0.1"
    requester: "/app"
    status: "resolved"
  169 debug pnpm:progress: 
    packageId: "registry.npmjs.org/file-type/9.0.0"
    requester: "/app"
    status: "found_in_store"
  170 debug pnpm:progress: 
    packageId: "registry.npmjs.org/parse-bmfont-ascii/1.0.6"
    requester: "/app"
    status: "resolved"
  171 debug pnpm:progress: 
    packageId: "registry.npmjs.org/load-bmfont/1.4.0"
    requester: "/app"
    status: "found_in_store"
  172 debug pnpm:progress: 
    packageId: "registry.npmjs.org/buffer-equal/0.0.1"
    requester: "/app"
    status: "found_in_store"
  173 debug pnpm:progress: 
    packageId: "registry.npmjs.org/parse-bmfont-binary/1.0.6"
    requester: "/app"
    status: "resolved"
  174 debug pnpm:progress: 
    packageId: "registry.npmjs.org/jimp/0.10.2"
    requester: "/app"
    status: "found_in_store"
  175 debug pnpm:progress: 
    packageId: "registry.npmjs.org/parse-bmfont-ascii/1.0.6"
    requester: "/app"
    status: "found_in_store"
  176 debug pnpm:progress: 
    packageId: "registry.npmjs.org/parse-bmfont-xml/1.1.4"
    requester: "/app"
    status: "resolved"
  177 debug pnpm:progress: 
    packageId: "registry.npmjs.org/parse-bmfont-binary/1.0.6"
    requester: "/app"
    status: "found_in_store"
  178 debug pnpm:progress: 
    packageId: "registry.npmjs.org/xml-parse-from-string/1.0.1"
    requester: "/app"
    status: "resolved"
  179 debug pnpm:progress: 
    packageId: "registry.npmjs.org/parse-bmfont-xml/1.1.4"
    requester: "/app"
    status: "found_in_store"
  180 debug pnpm:progress: 
    packageId: "registry.npmjs.org/xml2js/0.4.23"
    requester: "/app"
    status: "resolved"
  181 debug pnpm:progress: 
    packageId: "registry.npmjs.org/exif-parser/0.1.12"
    requester: "/app"
    status: "found_in_store"
  182 debug pnpm:progress: 
    packageId: "registry.npmjs.org/xml-parse-from-string/1.0.1"
    requester: "/app"
    status: "found_in_store"
  183 debug pnpm:progress: 
    packageId: "registry.npmjs.org/sax/1.2.4"
    requester: "/app"
    status: "resolved"
  184 debug pnpm:progress: 
    packageId: "registry.npmjs.org/xml2js/0.4.23"
    requester: "/app"
    status: "found_in_store"
  185 debug pnpm:progress: 
    packageId: "registry.npmjs.org/xmlbuilder/11.0.1"
    requester: "/app"
    status: "resolved"
  186 debug pnpm:progress: 
    packageId: "registry.npmjs.org/phin/2.9.3"
    requester: "/app"
    status: "resolved"
  187 debug pnpm:progress: 
    packageId: "registry.npmjs.org/sax/1.2.4"
    requester: "/app"
    status: "found_in_store"
  188 debug pnpm:progress: 
    packageId: "registry.npmjs.org/xhr/2.5.0"
    requester: "/app"
    status: "resolved"
  189 debug pnpm:progress: 
    packageId: "registry.npmjs.org/xmlbuilder/11.0.1"
    requester: "/app"
    status: "found_in_store"
  190 debug pnpm:progress: 
    packageId: "registry.npmjs.org/global/4.3.2"
    requester: "/app"
    status: "resolved"
  191 debug pnpm:progress: 
    packageId: "registry.npmjs.org/phin/2.9.3"
    requester: "/app"
    status: "found_in_store"
  192 debug pnpm:progress: 
    packageId: "registry.npmjs.org/min-document/2.19.0"
    requester: "/app"
    status: "resolved"
  193 debug pnpm:progress: 
    packageId: "registry.npmjs.org/xhr/2.5.0"
    requester: "/app"
    status: "found_in_store"
  194 debug pnpm:progress: 
    packageId: "registry.npmjs.org/core-js/3.6.5"
    requester: "/app"
    status: "found_in_store"
  195 debug pnpm:progress: 
    packageId: "registry.npmjs.org/global/4.3.2"
    requester: "/app"
    status: "found_in_store"
  196 debug pnpm:progress: 
    packageId: "registry.npmjs.org/min-document/2.19.0"
    requester: "/app"
    status: "found_in_store"
  197 debug pnpm:progress: 
    packageId: "registry.npmjs.org/dom-walk/0.1.2"
    requester: "/app"
    status: "resolved"
  198 debug pnpm:progress: 
    packageId: "registry.npmjs.org/dom-walk/0.1.2"
    requester: "/app"
    status: "found_in_store"
  199 debug pnpm:progress: 
    packageId: "registry.npmjs.org/process/0.5.2"
    requester: "/app"
    status: "resolved"
  200 debug pnpm:progress: 
    packageId: "registry.npmjs.org/process/0.5.2"
    requester: "/app"
    status: "found_in_store"
  201 debug pnpm:progress: 
    packageId: "registry.npmjs.org/is-function/1.0.1"
    requester: "/app"
    status: "resolved"
  202 debug pnpm:progress: 
    packageId: "registry.npmjs.org/is-function/1.0.1"
    requester: "/app"
    status: "found_in_store"
  203 debug pnpm:progress: 
    packageId: "registry.npmjs.org/parse-headers/2.0.3"
    requester: "/app"
    status: "resolved"
  204 debug pnpm:progress: 
    packageId: "registry.npmjs.org/parse-headers/2.0.3"
    requester: "/app"
    status: "found_in_store"
  205 debug pnpm:progress: 
    packageId: "registry.npmjs.org/xtend/4.0.2"
    requester: "/app"
    status: "resolved"
  206 debug pnpm:progress: 
    packageId: "registry.npmjs.org/xtend/4.0.2"
    requester: "/app"
    status: "found_in_store"
  207 debug pnpm:progress: 
    packageId: "registry.npmjs.org/mkdirp/0.5.5"
    requester: "/app"
    status: "resolved"
  208 debug pnpm:progress: 
    packageId: "registry.npmjs.org/mkdirp/0.5.5"
    requester: "/app"
    status: "found_in_store"
  209 debug pnpm:progress: 
    packageId: "registry.npmjs.org/minimist/1.2.5"
    requester: "/app"
    status: "resolved"
  210 debug pnpm:progress: 
    packageId: "registry.npmjs.org/minimist/1.2.5"
    requester: "/app"
    status: "found_in_store"
  211 debug pnpm:progress: 
    packageId: "registry.npmjs.org/pixelmatch/4.0.2"
    requester: "/app"
    status: "resolved"
  212 debug pnpm:progress: 
    packageId: "registry.npmjs.org/pixelmatch/4.0.2"
    requester: "/app"
    status: "found_in_store"
  213 debug pnpm:progress: 
    packageId: "registry.npmjs.org/pngjs/3.4.0"
    requester: "/app"
    status: "resolved"
  214 debug pnpm:progress: 
    packageId: "registry.npmjs.org/tinycolor2/1.4.1"
    requester: "/app"
    status: "resolved"
  215 debug pnpm:progress: 
    packageId: "registry.npmjs.org/@jimp/plugins/0.10.2"
    requester: "/app"
    status: "resolved"
  216 debug pnpm:progress: 
    packageId: "registry.npmjs.org/@jimp/plugin-blit/0.10.2"
    requester: "/app"
    status: "resolved"
  217 debug pnpm:progress: 
    packageId: "registry.npmjs.org/@jimp/plugin-blur/0.10.2"
    requester: "/app"
    status: "resolved"
  218 debug pnpm:progress: 
    packageId: "registry.npmjs.org/@jimp/plugin-circle/0.10.2"
    requester: "/app"
    status: "resolved"
  219 debug pnpm:progress: 
    packageId: "registry.npmjs.org/@jimp/plugins/0.10.2"
    requester: "/app"
    status: "found_in_store"
  220 debug pnpm:progress: 
    packageId: "registry.npmjs.org/@jimp/plugin-blur/0.10.2"
    requester: "/app"
    status: "found_in_store"
  221 debug pnpm:progress: 
    packageId: "registry.npmjs.org/@jimp/plugin-color/0.10.2"
    requester: "/app"
    status: "resolved"
  222 debug pnpm:progress: 
    packageId: "registry.npmjs.org/tinycolor2/1.4.1"
    requester: "/app"
    status: "found_in_store"
  223 debug pnpm:progress: 
    packageId: "registry.npmjs.org/@jimp/plugin-circle/0.10.2"
    requester: "/app"
    status: "found_in_store"
  224 debug pnpm:progress: 
    packageId: "registry.npmjs.org/pngjs/3.4.0"
    requester: "/app"
    status: "found_in_store"
  225 debug pnpm:progress: 
    packageId: "registry.npmjs.org/@jimp/plugin-contain/0.10.2"
    requester: "/app"
    status: "resolved"
  226 debug pnpm:progress: 
    packageId: "registry.npmjs.org/@jimp/plugin-resize/0.10.2"
    requester: "/app"
    status: "resolved"
  227 debug pnpm:progress: 
    packageId: "registry.npmjs.org/@jimp/plugin-color/0.10.2"
    requester: "/app"
    status: "found_in_store"
  228 debug pnpm:progress: 
    packageId: "registry.npmjs.org/@jimp/plugin-scale/0.10.2"
    requester: "/app"
    status: "resolved"
  229 debug pnpm:progress: 
    packageId: "registry.npmjs.org/@jimp/plugin-contain/0.10.2"
    requester: "/app"
    status: "found_in_store"
  230 debug pnpm:progress: 
    packageId: "registry.npmjs.org/@jimp/plugin-blit/0.10.2"
    requester: "/app"
    status: "found_in_store"
  231 debug pnpm:progress: 
    packageId: "registry.npmjs.org/@jimp/plugin-cover/0.10.2"
    requester: "/app"
    status: "resolved"
  232 debug pnpm:progress: 
    packageId: "registry.npmjs.org/@jimp/plugin-resize/0.10.2"
    requester: "/app"
    status: "found_in_store"
  233 debug pnpm:progress: 
    packageId: "registry.npmjs.org/@jimp/plugin-scale/0.10.2"
    requester: "/app"
    status: "found_in_store"
  234 debug pnpm:progress: 
    packageId: "registry.npmjs.org/@jimp/plugin-crop/0.10.2"
    requester: "/app"
    status: "resolved"
  235 debug pnpm:progress: 
    packageId: "registry.npmjs.org/@jimp/plugin-cover/0.10.2"
    requester: "/app"
    status: "found_in_store"
  236 debug pnpm:progress: 
    packageId: "registry.npmjs.org/@jimp/plugin-displace/0.10.2"
    requester: "/app"
    status: "resolved"
  237 debug pnpm:progress: 
    packageId: "registry.npmjs.org/@jimp/plugin-dither/0.10.2"
    requester: "/app"
    status: "resolved"
  238 debug pnpm:progress: 
    packageId: "registry.npmjs.org/@jimp/plugin-crop/0.10.2"
    requester: "/app"
    status: "found_in_store"
  239 debug pnpm:progress: 
    packageId: "registry.npmjs.org/@jimp/plugin-displace/0.10.2"
    requester: "/app"
    status: "found_in_store"
  240 debug pnpm:progress: 
    packageId: "registry.npmjs.org/@jimp/plugin-fisheye/0.10.2"
    requester: "/app"
    status: "resolved"
  241 debug pnpm:progress: 
    packageId: "registry.npmjs.org/@jimp/plugin-flip/0.10.2"
    requester: "/app"
    status: "resolved"
  242 debug pnpm:progress: 
    packageId: "registry.npmjs.org/@jimp/plugin-dither/0.10.2"
    requester: "/app"
    status: "found_in_store"
  243 debug pnpm:progress: 
    packageId: "registry.npmjs.org/@jimp/plugin-rotate/0.10.2"
    requester: "/app"
    status: "resolved"
  244 debug pnpm:progress: 
    packageId: "registry.npmjs.org/@jimp/plugin-fisheye/0.10.2"
    requester: "/app"
    status: "found_in_store"
  245 debug pnpm:progress: 
    packageId: "registry.npmjs.org/@jimp/plugin-flip/0.10.2"
    requester: "/app"
    status: "found_in_store"
  246 debug pnpm:progress: 
    packageId: "registry.npmjs.org/@jimp/plugin-gaussian/0.10.2"
    requester: "/app"
    status: "resolved"
  247 debug pnpm:progress: 
    packageId: "registry.npmjs.org/@jimp/plugin-rotate/0.10.2"
    requester: "/app"
    status: "found_in_store"
  248 debug pnpm:progress: 
    packageId: "registry.npmjs.org/@jimp/plugin-gaussian/0.10.2"
    requester: "/app"
    status: "found_in_store"
  249 debug pnpm:progress: 
    packageId: "registry.npmjs.org/@jimp/plugin-invert/0.10.2"
    requester: "/app"
    status: "resolved"
  250 debug pnpm:progress: 
    packageId: "registry.npmjs.org/@jimp/plugin-mask/0.10.2"
    requester: "/app"
    status: "resolved"
  251 debug pnpm:progress: 
    packageId: "registry.npmjs.org/@jimp/plugin-invert/0.10.2"
    requester: "/app"
    status: "found_in_store"
  252 debug pnpm:progress: 
    packageId: "registry.npmjs.org/@jimp/plugin-normalize/0.10.2"
    requester: "/app"
    status: "resolved"
  253 debug pnpm:progress: 
    packageId: "registry.npmjs.org/@jimp/plugin-mask/0.10.2"
    requester: "/app"
    status: "found_in_store"
  254 debug pnpm:progress: 
    packageId: "registry.npmjs.org/@jimp/plugin-print/0.10.2"
    requester: "/app"
    status: "resolved"
  255 debug pnpm:progress: 
    packageId: "registry.npmjs.org/@jimp/plugin-normalize/0.10.2"
    requester: "/app"
    status: "found_in_store"
  256 debug pnpm:progress: 
    packageId: "registry.npmjs.org/@jimp/plugin-shadow/0.10.2"
    requester: "/app"
    status: "resolved"
  257 debug pnpm:progress: 
    packageId: "registry.npmjs.org/@jimp/plugin-threshold/0.10.2"
    requester: "/app"
    status: "resolved"
  258 debug pnpm:progress: 
    packageId: "registry.npmjs.org/@jimp/plugin-shadow/0.10.2"
    requester: "/app"
    status: "found_in_store"
  259 debug pnpm:progress: 
    packageId: "registry.npmjs.org/@jimp/plugin-print/0.10.2"
    requester: "/app"
    status: "found_in_store"
  260 debug pnpm:progress: 
    packageId: "registry.npmjs.org/@jimp/plugin-threshold/0.10.2"
    requester: "/app"
    status: "found_in_store"
  261 debug pnpm:progress: 
    packageId: "registry.npmjs.org/timm/1.6.2"
    requester: "/app"
    status: "resolved"
  262 debug pnpm:progress: 
    packageId: "registry.npmjs.org/@jimp/types/0.10.2"
    requester: "/app"
    status: "resolved"
  263 debug pnpm:progress: 
    packageId: "registry.npmjs.org/@jimp/types/0.10.2"
    requester: "/app"
    status: "found_in_store"
  264 debug pnpm:progress: 
    packageId: "registry.npmjs.org/@jimp/bmp/0.10.2"
    requester: "/app"
    status: "resolved"
  265 debug pnpm:progress: 
    packageId: "registry.npmjs.org/timm/1.6.2"
    requester: "/app"
    status: "found_in_store"
  266 debug pnpm:progress: 
    packageId: "registry.npmjs.org/bmp-js/0.1.0"
    requester: "/app"
    status: "resolved"
  267 debug pnpm:progress: 
    packageId: "registry.npmjs.org/@jimp/gif/0.10.2"
    requester: "/app"
    status: "resolved"
  268 debug pnpm:progress: 
    packageId: "registry.npmjs.org/@jimp/bmp/0.10.2"
    requester: "/app"
    status: "found_in_store"
  269 debug pnpm:progress: 
    packageId: "registry.npmjs.org/bmp-js/0.1.0"
    requester: "/app"
    status: "found_in_store"
  270 debug pnpm:progress: 
    packageId: "registry.npmjs.org/@jimp/gif/0.10.2"
    requester: "/app"
    status: "found_in_store"
  271 debug pnpm:progress: 
    packageId: "registry.npmjs.org/omggif/1.0.10"
    requester: "/app"
    status: "resolved"
  272 debug pnpm:progress: 
    packageId: "registry.npmjs.org/omggif/1.0.10"
    requester: "/app"
    status: "found_in_store"
  273 debug pnpm:progress: 
    packageId: "registry.npmjs.org/@jimp/jpeg/0.10.2"
    requester: "/app"
    status: "resolved"
  274 debug pnpm:progress: 
    packageId: "registry.npmjs.org/@jimp/jpeg/0.10.2"
    requester: "/app"
    status: "found_in_store"
  275 debug pnpm:progress: 
    packageId: "registry.npmjs.org/jpeg-js/0.3.7"
    requester: "/app"
    status: "resolved"
  276 debug pnpm:progress: 
    packageId: "registry.npmjs.org/@jimp/png/0.10.2"
    requester: "/app"
    status: "resolved"
  277 debug pnpm:progress: 
    packageId: "registry.npmjs.org/jpeg-js/0.3.7"
    requester: "/app"
    status: "found_in_store"
  278 debug pnpm:progress: 
    packageId: "registry.npmjs.org/@jimp/png/0.10.2"
    requester: "/app"
    status: "found_in_store"
  279 debug pnpm:progress: 
    packageId: "registry.npmjs.org/@jimp/tiff/0.10.2"
    requester: "/app"
    status: "resolved"
  280 debug pnpm:progress: 
    packageId: "registry.npmjs.org/utif/2.0.1"
    requester: "/app"
    status: "resolved"
  281 debug pnpm:progress: 
    packageId: "registry.npmjs.org/@jimp/tiff/0.10.2"
    requester: "/app"
    status: "found_in_store"
  282 debug pnpm:progress: 
    packageId: "registry.npmjs.org/pako/1.0.11"
    requester: "/app"
    status: "resolved"
  283 debug pnpm:progress: 
    packageId: "registry.npmjs.org/utif/2.0.1"
    requester: "/app"
    status: "found_in_store"
  284 debug pnpm:progress: 
    packageId: "registry.npmjs.org/pako/1.0.11"
    requester: "/app"
    status: "found_in_store"
  285 debug pnpm:progress: 
    packageId: "registry.npmjs.org/moment/2.24.0"
    requester: "/app"
    status: "resolved"
  286 debug pnpm:progress: 
    packageId: "registry.npmjs.org/moment-duration-format/2.3.2"
    requester: "/app"
    status: "resolved"
  287 debug pnpm:progress: 
    packageId: "registry.npmjs.org/node-superfetch/0.1.10"
    requester: "/app"
    status: "resolved"
  288 debug pnpm:progress: 
    packageId: "registry.npmjs.org/form-data/2.5.1"
    requester: "/app"
    status: "resolved"
  289 debug pnpm:progress: 
    packageId: "registry.npmjs.org/asynckit/0.4.0"
    requester: "/app"
    status: "resolved"
  290 debug pnpm:progress: 
    packageId: "registry.npmjs.org/asynckit/0.4.0"
    requester: "/app"
    status: "found_in_store"
  291 debug pnpm:progress: 
    packageId: "registry.npmjs.org/node-superfetch/0.1.10"
    requester: "/app"
    status: "found_in_store"
  292 debug pnpm:progress: 
    packageId: "registry.npmjs.org/combined-stream/1.0.8"
    requester: "/app"
    status: "resolved"
  293 debug pnpm:progress: 
    packageId: "registry.npmjs.org/combined-stream/1.0.8"
    requester: "/app"
    status: "found_in_store"
  294 debug pnpm:progress: 
    packageId: "registry.npmjs.org/delayed-stream/1.0.0"
    requester: "/app"
    status: "resolved"
  295 debug pnpm:progress: 
    packageId: "registry.npmjs.org/delayed-stream/1.0.0"
    requester: "/app"
    status: "found_in_store"
  296 debug pnpm:progress: 
    packageId: "registry.npmjs.org/form-data/2.5.1"
    requester: "/app"
    status: "found_in_store"
  297 debug pnpm:progress: 
    packageId: "registry.npmjs.org/node-fetch/2.6.0"
    requester: "/app"
    status: "resolved"
  298 debug pnpm:progress: 
    packageId: "registry.npmjs.org/moment-duration-format/2.3.2"
    requester: "/app"
    status: "found_in_store"
  299 debug pnpm:progress: 
    packageId: "registry.npmjs.org/node-fetch/2.6.0"
    requester: "/app"
    status: "found_in_store"
  300 debug pnpm:progress: 
    packageId: "registry.npmjs.org/parse-ms/2.1.0"
    requester: "/app"
    status: "resolved"
  301 debug pnpm:progress: 
    packageId: "registry.npmjs.org/moment/2.24.0"
    requester: "/app"
    status: "found_in_store"
  302 debug pnpm:progress: 
    packageId: "registry.npmjs.org/parse-ms/2.1.0"
    requester: "/app"
    status: "found_in_store"
  303 debug pnpm:progress: 
    packageId: "registry.npmjs.org/quick.db/7.1.1"
    requester: "/app"
    status: "resolved"
  304 debug pnpm:progress: 
    packageId: "registry.npmjs.org/quick.db/7.1.1"
    requester: "/app"
    status: "found_in_store"
  305 debug pnpm:progress: 
    packageId: "registry.npmjs.org/better-sqlite3/6.0.1"
    requester: "/app"
    status: "resolved"
  306 debug pnpm:progress: 
    packageId: "registry.npmjs.org/bindings/1.5.0"
    requester: "/app"
    status: "resolved"
  307 debug pnpm:progress: 
    packageId: "registry.npmjs.org/bindings/1.5.0"
    requester: "/app"
    status: "found_in_store"
  308 debug pnpm:progress: 
    packageId: "registry.npmjs.org/file-uri-to-path/1.0.0"
    requester: "/app"
    status: "resolved"
  309 debug pnpm:progress: 
    packageId: "registry.npmjs.org/better-sqlite3/6.0.1"
    requester: "/app"
    status: "found_in_store"
  310 debug pnpm:progress: 
    packageId: "registry.npmjs.org/file-uri-to-path/1.0.0"
    requester: "/app"
    status: "found_in_store"
  311 debug pnpm:progress: 
    packageId: "registry.npmjs.org/integer/3.0.1"
    requester: "/app"
    status: "resolved"
  312 debug pnpm:progress: 
    packageId: "registry.npmjs.org/integer/3.0.1"
    requester: "/app"
    status: "found_in_store"
  313 debug pnpm:progress: 
    packageId: "registry.npmjs.org/prebuild-install/5.3.3"
    requester: "/app"
    status: "resolved"
  314 debug pnpm:progress: 
    packageId: "registry.npmjs.org/prebuild-install/5.3.3"
    requester: "/app"
    status: "found_in_store"
  315 debug pnpm:progress: 
    packageId: "registry.npmjs.org/detect-libc/1.0.3"
    requester: "/app"
    status: "resolved"
  316 debug pnpm:progress: 
    packageId: "registry.npmjs.org/detect-libc/1.0.3"
    requester: "/app"
    status: "found_in_store"
  317 debug pnpm:progress: 
    packageId: "registry.npmjs.org/expand-template/2.0.3"
    requester: "/app"
    status: "resolved"
  318 debug pnpm:progress: 
    packageId: "registry.npmjs.org/expand-template/2.0.3"
    requester: "/app"
    status: "found_in_store"
  319 debug pnpm:progress: 
    packageId: "registry.npmjs.org/github-from-package/0.0.0"
    requester: "/app"
    status: "resolved"
  320 debug pnpm:progress: 
    packageId: "registry.npmjs.org/github-from-package/0.0.0"
    requester: "/app"
    status: "found_in_store"
  321 debug pnpm:progress: 
    packageId: "registry.npmjs.org/napi-build-utils/1.0.2"
    requester: "/app"
    status: "resolved"
  322 debug pnpm:progress: 
    packageId: "registry.npmjs.org/napi-build-utils/1.0.2"
    requester: "/app"
    status: "found_in_store"
  323 debug pnpm:progress: 
    packageId: "registry.npmjs.org/node-abi/2.15.0"
    requester: "/app"
    status: "resolved"
  324 debug pnpm:progress: 
    packageId: "registry.npmjs.org/node-abi/2.15.0"
    requester: "/app"
    status: "found_in_store"
  325 debug pnpm:progress: 
    packageId: "registry.npmjs.org/semver/5.7.1"
    requester: "/app"
    status: "resolved"
  326 debug pnpm:progress: 
    packageId: "registry.npmjs.org/semver/5.7.1"
    requester: "/app"
    status: "found_in_store"
  327 debug pnpm:progress: 
    packageId: "registry.npmjs.org/noop-logger/0.1.1"
    requester: "/app"
    status: "resolved"
  328 debug pnpm:progress: 
    packageId: "registry.npmjs.org/noop-logger/0.1.1"
    requester: "/app"
    status: "found_in_store"
  329 debug pnpm:progress: 
    packageId: "registry.npmjs.org/npmlog/4.1.2"
    requester: "/app"
    status: "resolved"
  330 debug pnpm:progress: 
    packageId: "registry.npmjs.org/npmlog/4.1.2"
    requester: "/app"
    status: "found_in_store"
  331 debug pnpm:progress: 
    packageId: "registry.npmjs.org/are-we-there-yet/1.1.5"
    requester: "/app"
    status: "resolved"
  332 debug pnpm:progress: 
    packageId: "registry.npmjs.org/are-we-there-yet/1.1.5"
    requester: "/app"
    status: "found_in_store"
  333 debug pnpm:progress: 
    packageId: "registry.npmjs.org/delegates/1.0.0"
    requester: "/app"
    status: "resolved"
  334 debug pnpm:progress: 
    packageId: "registry.npmjs.org/delegates/1.0.0"
    requester: "/app"
    status: "found_in_store"
  335 debug pnpm:progress: 
    packageId: "registry.npmjs.org/readable-stream/2.3.7"
    requester: "/app"
    status: "resolved"
  336 debug pnpm:progress: 
    packageId: "registry.npmjs.org/readable-stream/2.3.7"
    requester: "/app"
    status: "found_in_store"
  337 debug pnpm:progress: 
    packageId: "registry.npmjs.org/core-util-is/1.0.2"
    requester: "/app"
    status: "resolved"
  338 debug pnpm:progress: 
    packageId: "registry.npmjs.org/core-util-is/1.0.2"
    requester: "/app"
    status: "found_in_store"
  339 debug pnpm:progress: 
    packageId: "registry.npmjs.org/isarray/1.0.0"
    requester: "/app"
    status: "resolved"
  340 debug pnpm:progress: 
    packageId: "registry.npmjs.org/isarray/1.0.0"
    requester: "/app"
    status: "found_in_store"
  341 debug pnpm:progress: 
    packageId: "registry.npmjs.org/process-nextick-args/2.0.1"
    requester: "/app"
    status: "resolved"
  342 debug pnpm:progress: 
    packageId: "registry.npmjs.org/process-nextick-args/2.0.1"
    requester: "/app"
    status: "found_in_store"
  343 debug pnpm:progress: 
    packageId: "registry.npmjs.org/string_decoder/1.1.1"
    requester: "/app"
    status: "resolved"
  344 debug pnpm:progress: 
    packageId: "registry.npmjs.org/string_decoder/1.1.1"
    requester: "/app"
    status: "found_in_store"
  345 debug pnpm:progress: 
    packageId: "registry.npmjs.org/util-deprecate/1.0.2"
    requester: "/app"
    status: "resolved"
  346 debug pnpm:progress: 
    packageId: "registry.npmjs.org/util-deprecate/1.0.2"
    requester: "/app"
    status: "found_in_store"
  347 debug pnpm:progress: 
    packageId: "registry.npmjs.org/console-control-strings/1.1.0"
    requester: "/app"
    status: "resolved"
  348 debug pnpm:progress: 
    packageId: "registry.npmjs.org/console-control-strings/1.1.0"
    requester: "/app"
    status: "found_in_store"
  349 debug pnpm:progress: 
    packageId: "registry.npmjs.org/gauge/2.7.4"
    requester: "/app"
    status: "resolved"
  350 debug pnpm:progress: 
    packageId: "registry.npmjs.org/gauge/2.7.4"
    requester: "/app"
    status: "found_in_store"
  351 debug pnpm:progress: 
    packageId: "registry.npmjs.org/aproba/1.2.0"
    requester: "/app"
    status: "resolved"
  352 debug pnpm:progress: 
    packageId: "registry.npmjs.org/aproba/1.2.0"
    requester: "/app"
    status: "found_in_store"
  353 debug pnpm:progress: 
    packageId: "registry.npmjs.org/has-unicode/2.0.1"
    requester: "/app"
    status: "resolved"
  354 debug pnpm:progress: 
    packageId: "registry.npmjs.org/has-unicode/2.0.1"
    requester: "/app"
    status: "found_in_store"
  355 debug pnpm:progress: 
    packageId: "registry.npmjs.org/object-assign/4.1.1"
    requester: "/app"
    status: "resolved"
  356 debug pnpm:progress: 
    packageId: "registry.npmjs.org/object-assign/4.1.1"
    requester: "/app"
    status: "found_in_store"
  357 debug pnpm:progress: 
    packageId: "registry.npmjs.org/signal-exit/3.0.3"
    requester: "/app"
    status: "resolved"
  358 debug pnpm:progress: 
    packageId: "registry.npmjs.org/signal-exit/3.0.3"
    requester: "/app"
    status: "found_in_store"
  359 debug pnpm:progress: 
    packageId: "registry.npmjs.org/string-width/1.0.2"
    requester: "/app"
    status: "resolved"
  360 debug pnpm:progress: 
    packageId: "registry.npmjs.org/string-width/1.0.2"
    requester: "/app"
    status: "found_in_store"
  361 debug pnpm:progress: 
    packageId: "registry.npmjs.org/code-point-at/1.1.0"
    requester: "/app"
    status: "resolved"
  362 debug pnpm:progress: 
    packageId: "registry.npmjs.org/code-point-at/1.1.0"
    requester: "/app"
    status: "found_in_store"
  363 debug pnpm:progress: 
    packageId: "registry.npmjs.org/is-fullwidth-code-point/1.0.0"
    requester: "/app"
    status: "resolved"
  364 debug pnpm:progress: 
    packageId: "registry.npmjs.org/is-fullwidth-code-point/1.0.0"
    requester: "/app"
    status: "found_in_store"
  365 debug pnpm:progress: 
    packageId: "registry.npmjs.org/number-is-nan/1.0.1"
    requester: "/app"
    status: "resolved"
  366 debug pnpm:progress: 
    packageId: "registry.npmjs.org/number-is-nan/1.0.1"
    requester: "/app"
    status: "found_in_store"
  367 debug pnpm:progress: 
    packageId: "registry.npmjs.org/strip-ansi/3.0.1"
    requester: "/app"
    status: "resolved"
  368 debug pnpm:progress: 
    packageId: "registry.npmjs.org/strip-ansi/3.0.1"
    requester: "/app"
    status: "found_in_store"
  369 debug pnpm:progress: 
    packageId: "registry.npmjs.org/ansi-regex/2.1.1"
    requester: "/app"
    status: "resolved"
  370 debug pnpm:progress: 
    packageId: "registry.npmjs.org/ansi-regex/2.1.1"
    requester: "/app"
    status: "found_in_store"
  371 debug pnpm:progress: 
    packageId: "registry.npmjs.org/wide-align/1.1.3"
    requester: "/app"
    status: "resolved"
  372 debug pnpm:progress: 
    packageId: "registry.npmjs.org/wide-align/1.1.3"
    requester: "/app"
    status: "found_in_store"
  373 debug pnpm:progress: 
    packageId: "registry.npmjs.org/string-width/2.1.1"
    requester: "/app"
    status: "resolved"
  374 debug pnpm:progress: 
    packageId: "registry.npmjs.org/string-width/2.1.1"
    requester: "/app"
    status: "found_in_store"
  375 debug pnpm:progress: 
    packageId: "registry.npmjs.org/is-fullwidth-code-point/2.0.0"
    requester: "/app"
    status: "resolved"
  376 debug pnpm:progress: 
    packageId: "registry.npmjs.org/is-fullwidth-code-point/2.0.0"
    requester: "/app"
    status: "found_in_store"
  377 debug pnpm:progress: 
    packageId: "registry.npmjs.org/strip-ansi/4.0.0"
    requester: "/app"
    status: "resolved"
  378 debug pnpm:progress: 
    packageId: "registry.npmjs.org/strip-ansi/4.0.0"
    requester: "/app"
    status: "found_in_store"
  379 debug pnpm:progress: 
    packageId: "registry.npmjs.org/ansi-regex/3.0.0"
    requester: "/app"
    status: "resolved"
  380 debug pnpm:progress: 
    packageId: "registry.npmjs.org/ansi-regex/3.0.0"
    requester: "/app"
    status: "found_in_store"
  381 debug pnpm:progress: 
    packageId: "registry.npmjs.org/set-blocking/2.0.0"
    requester: "/app"
    status: "resolved"
  382 debug pnpm:progress: 
    packageId: "registry.npmjs.org/set-blocking/2.0.0"
    requester: "/app"
    status: "found_in_store"
  383 debug pnpm:progress: 
    packageId: "registry.npmjs.org/pump/3.0.0"
    requester: "/app"
    status: "resolved"
  384 debug pnpm:progress: 
    packageId: "registry.npmjs.org/pump/3.0.0"
    requester: "/app"
    status: "found_in_store"
  385 debug pnpm:progress: 
    packageId: "registry.npmjs.org/end-of-stream/1.4.4"
    requester: "/app"
    status: "resolved"
  386 debug pnpm:progress: 
    packageId: "registry.npmjs.org/end-of-stream/1.4.4"
    requester: "/app"
    status: "found_in_store"
  387 debug pnpm:progress: 
    packageId: "registry.npmjs.org/once/1.4.0"
    requester: "/app"
    status: "resolved"
  388 debug pnpm:progress: 
    packageId: "registry.npmjs.org/once/1.4.0"
    requester: "/app"
    status: "found_in_store"
  389 debug pnpm:progress: 
    packageId: "registry.npmjs.org/wrappy/1.0.2"
    requester: "/app"
    status: "resolved"
  390 debug pnpm:progress: 
    packageId: "registry.npmjs.org/wrappy/1.0.2"
    requester: "/app"
    status: "found_in_store"
  391 debug pnpm:progress: 
    packageId: "registry.npmjs.org/rc/1.2.8"
    requester: "/app"
    status: "resolved"
  392 debug pnpm:progress: 
    packageId: "registry.npmjs.org/rc/1.2.8"
    requester: "/app"
    status: "found_in_store"
  393 debug pnpm:progress: 
    packageId: "registry.npmjs.org/deep-extend/0.6.0"
    requester: "/app"
    status: "resolved"
  394 debug pnpm:progress: 
    packageId: "registry.npmjs.org/deep-extend/0.6.0"
    requester: "/app"
    status: "found_in_store"
  395 debug pnpm:progress: 
    packageId: "registry.npmjs.org/ini/1.3.5"
    requester: "/app"
    status: "resolved"
  396 debug pnpm:progress: 
    packageId: "registry.npmjs.org/ini/1.3.5"
    requester: "/app"
    status: "found_in_store"
  397 debug pnpm:progress: 
    packageId: "registry.npmjs.org/strip-json-comments/2.0.1"
    requester: "/app"
    status: "resolved"
  398 debug pnpm:progress: 
    packageId: "registry.npmjs.org/strip-json-comments/2.0.1"
    requester: "/app"
    status: "found_in_store"
  399 debug pnpm:progress: 
    packageId: "registry.npmjs.org/simple-get/3.1.0"
    requester: "/app"
    status: "resolved"
  400 debug pnpm:progress: 
    packageId: "registry.npmjs.org/simple-get/3.1.0"
    requester: "/app"
    status: "found_in_store"
  401 debug pnpm:progress: 
    packageId: "registry.npmjs.org/decompress-response/4.2.1"
    requester: "/app"
    status: "resolved"
  402 debug pnpm:progress: 
    packageId: "registry.npmjs.org/decompress-response/4.2.1"
    requester: "/app"
    status: "found_in_store"
  403 debug pnpm:progress: 
    packageId: "registry.npmjs.org/mimic-response/2.1.0"
    requester: "/app"
    status: "resolved"
  404 debug pnpm:progress: 
    packageId: "registry.npmjs.org/mimic-response/2.1.0"
    requester: "/app"
    status: "found_in_store"
  405 debug pnpm:progress: 
    packageId: "registry.npmjs.org/simple-concat/1.0.0"
    requester: "/app"
    status: "resolved"
  406 debug pnpm:progress: 
    packageId: "registry.npmjs.org/simple-concat/1.0.0"
    requester: "/app"
    status: "found_in_store"
  407 debug pnpm:progress: 
    packageId: "registry.npmjs.org/tar-fs/2.0.1"
    requester: "/app"
    status: "resolved"
  408 debug pnpm:progress: 
    packageId: "registry.npmjs.org/chownr/1.1.4"
    requester: "/app"
    status: "resolved"
  409 debug pnpm:progress: 
    packageId: "registry.npmjs.org/mkdirp-classic/0.5.2"
    requester: "/app"
    status: "resolved"
  410 debug pnpm:progress: 
    packageId: "registry.npmjs.org/tar-fs/2.0.1"
    requester: "/app"
    status: "found_in_store"
  411 debug pnpm:progress: 
    packageId: "registry.npmjs.org/chownr/1.1.4"
    requester: "/app"
    status: "found_in_store"
  412 debug pnpm:progress: 
    packageId: "registry.npmjs.org/tar-stream/2.1.2"
    requester: "/app"
    status: "resolved"
  413 debug pnpm:progress: 
    packageId: "registry.npmjs.org/mkdirp-classic/0.5.2"
    requester: "/app"
    status: "found_in_store"
  414 debug pnpm:progress: 
    packageId: "registry.npmjs.org/tar-stream/2.1.2"
    requester: "/app"
    status: "found_in_store"
  415 debug pnpm:progress: 
    packageId: "registry.npmjs.org/bl/4.0.2"
    requester: "/app"
    status: "resolved"
  416 debug pnpm:progress: 
    packageId: "registry.npmjs.org/bl/4.0.2"
    requester: "/app"
    status: "found_in_store"
  417 debug pnpm:progress: 
    packageId: "registry.npmjs.org/readable-stream/3.6.0"
    requester: "/app"
    status: "resolved"
  418 debug pnpm:progress: 
    packageId: "registry.npmjs.org/readable-stream/3.6.0"
    requester: "/app"
    status: "found_in_store"
  419 debug pnpm:progress: 
    packageId: "registry.npmjs.org/string_decoder/1.3.0"
    requester: "/app"
    status: "resolved"
  420 debug pnpm:progress: 
    packageId: "registry.npmjs.org/string_decoder/1.3.0"
    requester: "/app"
    status: "found_in_store"
  421 debug pnpm:progress: 
    packageId: "registry.npmjs.org/safe-buffer/5.2.0"
    requester: "/app"
    status: "resolved"
  422 debug pnpm:progress: 
    packageId: "registry.npmjs.org/safe-buffer/5.2.0"
    requester: "/app"
    status: "found_in_store"
  423 debug pnpm:progress: 
    packageId: "registry.npmjs.org/fs-constants/1.0.0"
    requester: "/app"
    status: "resolved"
  424 debug pnpm:progress: 
    packageId: "registry.npmjs.org/fs-constants/1.0.0"
    requester: "/app"
    status: "found_in_store"
  425 debug pnpm:progress: 
    packageId: "registry.npmjs.org/tunnel-agent/0.6.0"
    requester: "/app"
    status: "resolved"
  426 debug pnpm:progress: 
    packageId: "registry.npmjs.org/tunnel-agent/0.6.0"
    requester: "/app"
    status: "found_in_store"
  427 debug pnpm:progress: 
    packageId: "registry.npmjs.org/which-pm-runs/1.0.0"
    requester: "/app"
    status: "resolved"
  428 debug pnpm:progress: 
    packageId: "registry.npmjs.org/which-pm-runs/1.0.0"
    requester: "/app"
    status: "found_in_store"
  429 debug pnpm:progress: 
    packageId: "registry.npmjs.org/tar/4.4.10"
    requester: "/app"
    status: "resolved"
  430 debug pnpm:progress: 
    packageId: "registry.npmjs.org/tar/4.4.10"
    requester: "/app"
    status: "found_in_store"
  431 debug pnpm:progress: 
    packageId: "registry.npmjs.org/fs-minipass/1.2.7"
    requester: "/app"
    status: "resolved"
  432 debug pnpm:progress: 
    packageId: "registry.npmjs.org/fs-minipass/1.2.7"
    requester: "/app"
    status: "found_in_store"
  433 debug pnpm:progress: 
    packageId: "registry.npmjs.org/minipass/2.9.0"
    requester: "/app"
    status: "resolved"
  434 debug pnpm:progress: 
    packageId: "registry.npmjs.org/minipass/2.9.0"
    requester: "/app"
    status: "found_in_store"
  435 debug pnpm:progress: 
    packageId: "registry.npmjs.org/yallist/3.1.1"
    requester: "/app"
    status: "resolved"
  436 debug pnpm:progress: 
    packageId: "registry.npmjs.org/yallist/3.1.1"
    requester: "/app"
    status: "found_in_store"
  437 debug pnpm:progress: 
    packageId: "registry.npmjs.org/minizlib/1.3.3"
    requester: "/app"
    status: "resolved"
  438 debug pnpm:progress: 
    packageId: "registry.npmjs.org/minizlib/1.3.3"
    requester: "/app"
    status: "found_in_store"
  439 debug pnpm:progress: 
    packageId: "registry.npmjs.org/lodash/4.17.15"
    requester: "/app"
    status: "resolved"
  440 debug pnpm:progress: 
    packageId: "registry.npmjs.org/reaction-role/1.6.4"
    requester: "/app"
    status: "resolved"
  441 debug pnpm:progress: 
    packageId: "registry.npmjs.org/@discordjs/collection/0.1.5"
    requester: "/app"
    status: "resolved"
  442 debug pnpm:progress: 
    packageId: "registry.npmjs.org/discord.js/12.2.0"
    requester: "/app"
    status: "resolved"
  443 debug pnpm:progress: 
    packageId: "registry.npmjs.org/reaction-role/1.6.4"
    requester: "/app"
    status: "found_in_store"
  444 debug pnpm:progress: 
    packageId: "registry.npmjs.org/@discordjs/form-data/3.0.1"
    requester: "/app"
    status: "resolved"
  445 debug pnpm:progress: 
    packageId: "registry.npmjs.org/@discordjs/collection/0.1.5"
    requester: "/app"
    status: "found_in_store"
  446 debug pnpm:progress: 
    packageId: "registry.npmjs.org/abort-controller/3.0.0"
    requester: "/app"
    status: "resolved"
  447 debug pnpm:progress: 
    packageId: "registry.npmjs.org/@discordjs/form-data/3.0.1"
    requester: "/app"
    status: "found_in_store"
  448 debug pnpm:progress: 
    packageId: "registry.npmjs.org/event-target-shim/5.0.1"
    requester: "/app"
    status: "resolved"
  449 debug pnpm:progress: 
    packageId: "registry.npmjs.org/abort-controller/3.0.0"
    requester: "/app"
    status: "found_in_store"
  450 debug pnpm:progress: 
    packageId: "registry.npmjs.org/event-target-shim/5.0.1"
    requester: "/app"
    status: "found_in_store"
  451 debug pnpm:progress: 
    packageId: "registry.npmjs.org/discord.js/12.2.0"
    requester: "/app"
    status: "found_in_store"
  452 debug pnpm:progress: 
    packageId: "registry.npmjs.org/prism-media/1.2.2"
    requester: "/app"
    status: "resolved"
  453 debug pnpm:progress: 
    packageId: "registry.npmjs.org/lodash/4.17.15"
    requester: "/app"
    status: "found_in_store"
  454 debug pnpm:progress: 
    packageId: "registry.npmjs.org/prism-media/1.2.2"
    requester: "/app"
    status: "found_in_store"
  455 debug pnpm:progress: 
    packageId: "registry.npmjs.org/setimmediate/1.0.5"
    requester: "/app"
    status: "resolved"
  456 debug pnpm:progress: 
    packageId: "registry.npmjs.org/setimmediate/1.0.5"
    requester: "/app"
    status: "found_in_store"
  457 debug pnpm:progress: 
    packageId: "registry.npmjs.org/ws/7.3.0"
    requester: "/app"
    status: "resolved"
  458 debug pnpm:progress: 
    packageId: "registry.npmjs.org/ws/7.3.0"
    requester: "/app"
    status: "found_in_store"
  459 debug pnpm:progress: 
    packageId: "registry.npmjs.org/moment/2.25.3"
    requester: "/app"
    status: "resolved"
  460 debug pnpm:progress: 
    packageId: "registry.npmjs.org/return-deep-diff/0.4.0"
    requester: "/app"
    status: "resolved"
  461 debug pnpm:progress: 
    packageId: "registry.npmjs.org/simple-youtube-api/5.2.1"
    requester: "/app"
    status: "resolved"
  462 debug pnpm:progress: 
    packageId: "registry.npmjs.org/return-deep-diff/0.4.0"
    requester: "/app"
    status: "found_in_store"
  463 debug pnpm:progress: 
    packageId: "registry.npmjs.org/simple-youtube-api/5.2.1"
    requester: "/app"
    status: "found_in_store"
  464 debug pnpm:progress: 
    packageId: "registry.npmjs.org/moment/2.25.3"
    requester: "/app"
    status: "found_in_store"
  465 debug pnpm:progress: 
    packageId: "registry.npmjs.org/iso8601-duration/1.2.0"
    requester: "/app"
    status: "resolved"
  466 debug pnpm:progress: 
    packageId: "registry.npmjs.org/iso8601-duration/1.2.0"
    requester: "/app"
    status: "found_in_store"
  467 debug pnpm:progress: 
    packageId: "registry.npmjs.org/weather-js/2.0.0"
    requester: "/app"
    status: "resolved"
  468 debug pnpm:progress: 
    packageId: "registry.npmjs.org/weather-js/2.0.0"
    requester: "/app"
    status: "found_in_store"
  469 debug pnpm:progress: 
    packageId: "registry.npmjs.org/request/2.88.0"
    requester: "/app"
    status: "resolved"
  470 debug pnpm:progress: 
    packageId: "registry.npmjs.org/request/2.88.0"
    requester: "/app"
    status: "found_in_store"
  471 debug pnpm:progress: 
    packageId: "registry.npmjs.org/aws-sign2/0.7.0"
    requester: "/app"
    status: "resolved"
  472 debug pnpm:progress: 
    packageId: "registry.npmjs.org/aws-sign2/0.7.0"
    requester: "/app"
    status: "found_in_store"
  473 debug pnpm:progress: 
    packageId: "registry.npmjs.org/aws4/1.8.0"
    requester: "/app"
    status: "resolved"
  474 debug pnpm:progress: 
    packageId: "registry.npmjs.org/aws4/1.8.0"
    requester: "/app"
    status: "found_in_store"
  475 debug pnpm:progress: 
    packageId: "registry.npmjs.org/caseless/0.12.0"
    requester: "/app"
    status: "resolved"
  476 debug pnpm:progress: 
    packageId: "registry.npmjs.org/caseless/0.12.0"
    requester: "/app"
    status: "found_in_store"
  477 debug pnpm:progress: 
    packageId: "registry.npmjs.org/extend/3.0.2"
    requester: "/app"
    status: "resolved"
  478 debug pnpm:progress: 
    packageId: "registry.npmjs.org/extend/3.0.2"
    requester: "/app"
    status: "found_in_store"
  479 debug pnpm:progress: 
    packageId: "registry.npmjs.org/forever-agent/0.6.1"
    requester: "/app"
    status: "resolved"
  480 debug pnpm:progress: 
    packageId: "registry.npmjs.org/forever-agent/0.6.1"
    requester: "/app"
    status: "found_in_store"
  481 debug pnpm:progress: 
    packageId: "registry.npmjs.org/form-data/2.3.3"
    requester: "/app"
    status: "resolved"
  482 debug pnpm:progress: 
    packageId: "registry.npmjs.org/form-data/2.3.3"
    requester: "/app"
    status: "found_in_store"
  483 debug pnpm:progress: 
    packageId: "registry.npmjs.org/mime-types/2.1.24"
    requester: "/app"
    status: "resolved"
  484 debug pnpm:progress: 
    packageId: "registry.npmjs.org/mime-types/2.1.24"
    requester: "/app"
    status: "found_in_store"
  485 debug pnpm:progress: 
    packageId: "registry.npmjs.org/mime-db/1.40.0"
    requester: "/app"
    status: "resolved"
  486 debug pnpm:progress: 
    packageId: "registry.npmjs.org/mime-db/1.40.0"
    requester: "/app"
    status: "found_in_store"
  487 debug pnpm:progress: 
    packageId: "registry.npmjs.org/har-validator/5.1.3"
    requester: "/app"
    status: "resolved"
  488 debug pnpm:progress: 
    packageId: "registry.npmjs.org/har-validator/5.1.3"
    requester: "/app"
    status: "found_in_store"
  489 debug pnpm:progress: 
    packageId: "registry.npmjs.org/ajv/6.10.2"
    requester: "/app"
    status: "resolved"
  490 debug pnpm:progress: 
    packageId: "registry.npmjs.org/fast-deep-equal/2.0.1"
    requester: "/app"
    status: "resolved"
  491 debug pnpm:progress: 
    packageId: "registry.npmjs.org/ajv/6.10.2"
    requester: "/app"
    status: "found_in_store"
  492 debug pnpm:progress: 
    packageId: "registry.npmjs.org/fast-deep-equal/2.0.1"
    requester: "/app"
    status: "found_in_store"
  493 debug pnpm:progress: 
    packageId: "registry.npmjs.org/fast-json-stable-stringify/2.0.0"
    requester: "/app"
    status: "resolved"
  494 debug pnpm:progress: 
    packageId: "registry.npmjs.org/fast-json-stable-stringify/2.0.0"
    requester: "/app"
    status: "found_in_store"
  495 debug pnpm:progress: 
    packageId: "registry.npmjs.org/json-schema-traverse/0.4.1"
    requester: "/app"
    status: "resolved"
  496 debug pnpm:progress: 
    packageId: "registry.npmjs.org/json-schema-traverse/0.4.1"
    requester: "/app"
    status: "found_in_store"
  497 debug pnpm:progress: 
    packageId: "registry.npmjs.org/uri-js/4.2.2"
    requester: "/app"
    status: "resolved"
  498 debug pnpm:progress: 
    packageId: "registry.npmjs.org/uri-js/4.2.2"
    requester: "/app"
    status: "found_in_store"
  499 debug pnpm:progress: 
    packageId: "registry.npmjs.org/punycode/2.1.1"
    requester: "/app"
    status: "resolved"
  500 debug pnpm:progress: 
    packageId: "registry.npmjs.org/punycode/2.1.1"
    requester: "/app"
    status: "found_in_store"
  501 debug pnpm:progress: 
    packageId: "registry.npmjs.org/har-schema/2.0.0"
    requester: "/app"
    status: "resolved"
  502 debug pnpm:progress: 
    packageId: "registry.npmjs.org/har-schema/2.0.0"
    requester: "/app"
    status: "found_in_store"
  503 debug pnpm:progress: 
    packageId: "registry.npmjs.org/http-signature/1.2.0"
    requester: "/app"
    status: "resolved"
  504 debug pnpm:progress: 
    packageId: "registry.npmjs.org/http-signature/1.2.0"
    requester: "/app"
    status: "found_in_store"
  505 debug pnpm:progress: 
    packageId: "registry.npmjs.org/assert-plus/1.0.0"
    requester: "/app"
    status: "resolved"
  506 debug pnpm:progress: 
    packageId: "registry.npmjs.org/assert-plus/1.0.0"
    requester: "/app"
    status: "found_in_store"
  507 debug pnpm:progress: 
    packageId: "registry.npmjs.org/jsprim/1.4.1"
    requester: "/app"
    status: "resolved"
  508 debug pnpm:progress: 
    packageId: "registry.npmjs.org/jsprim/1.4.1"
    requester: "/app"
    status: "found_in_store"
  509 debug pnpm:progress: 
    packageId: "registry.npmjs.org/extsprintf/1.3.0"
    requester: "/app"
    status: "resolved"
  510 debug pnpm:progress: 
    packageId: "registry.npmjs.org/extsprintf/1.3.0"
    requester: "/app"
    status: "found_in_store"
  511 debug pnpm:progress: 
    packageId: "registry.npmjs.org/json-schema/0.2.3"
    requester: "/app"
    status: "resolved"
  512 debug pnpm:progress: 
    packageId: "registry.npmjs.org/json-schema/0.2.3"
    requester: "/app"
    status: "found_in_store"
  513 debug pnpm:progress: 
    packageId: "registry.npmjs.org/verror/1.10.0"
    requester: "/app"
    status: "resolved"
  514 debug pnpm:progress: 
    packageId: "registry.npmjs.org/verror/1.10.0"
    requester: "/app"
    status: "found_in_store"
  515 debug pnpm:progress: 
    packageId: "registry.npmjs.org/extsprintf/1.4.0"
    requester: "/app"
    status: "resolved"
  516 debug pnpm:progress: 
    packageId: "registry.npmjs.org/extsprintf/1.4.0"
    requester: "/app"
    status: "found_in_store"
  517 debug pnpm:progress: 
    packageId: "registry.npmjs.org/sshpk/1.16.1"
    requester: "/app"
    status: "resolved"
  518 debug pnpm:progress: 
    packageId: "registry.npmjs.org/sshpk/1.16.1"
    requester: "/app"
    status: "found_in_store"
  519 debug pnpm:progress: 
    packageId: "registry.npmjs.org/asn1/0.2.4"
    requester: "/app"
    status: "resolved"
  520 debug pnpm:progress: 
    packageId: "registry.npmjs.org/asn1/0.2.4"
    requester: "/app"
    status: "found_in_store"
  521 debug pnpm:progress: 
    packageId: "registry.npmjs.org/bcrypt-pbkdf/1.0.2"
    requester: "/app"
    status: "resolved"
  522 debug pnpm:progress: 
    packageId: "registry.npmjs.org/bcrypt-pbkdf/1.0.2"
    requester: "/app"
    status: "found_in_store"
  523 debug pnpm:progress: 
    packageId: "registry.npmjs.org/tweetnacl/0.14.5"
    requester: "/app"
    status: "resolved"
  524 debug pnpm:progress: 
    packageId: "registry.npmjs.org/tweetnacl/0.14.5"
    requester: "/app"
    status: "found_in_store"
  525 debug pnpm:progress: 
    packageId: "registry.npmjs.org/dashdash/1.14.1"
    requester: "/app"
    status: "resolved"
  526 debug pnpm:progress: 
    packageId: "registry.npmjs.org/dashdash/1.14.1"
    requester: "/app"
    status: "found_in_store"
  527 debug pnpm:progress: 
    packageId: "registry.npmjs.org/ecc-jsbn/0.1.2"
    requester: "/app"
    status: "resolved"
  528 debug pnpm:progress: 
    packageId: "registry.npmjs.org/ecc-jsbn/0.1.2"
    requester: "/app"
    status: "found_in_store"
  529 debug pnpm:progress: 
    packageId: "registry.npmjs.org/jsbn/0.1.1"
    requester: "/app"
    status: "resolved"
  530 debug pnpm:progress: 
    packageId: "registry.npmjs.org/jsbn/0.1.1"
    requester: "/app"
    status: "found_in_store"
  531 debug pnpm:progress: 
    packageId: "registry.npmjs.org/getpass/0.1.7"
    requester: "/app"
    status: "resolved"
  532 debug pnpm:progress: 
    packageId: "registry.npmjs.org/getpass/0.1.7"
    requester: "/app"
    status: "found_in_store"
  533 debug pnpm:progress: 
    packageId: "registry.npmjs.org/is-typedarray/1.0.0"
    requester: "/app"
    status: "resolved"
  534 debug pnpm:progress: 
    packageId: "registry.npmjs.org/is-typedarray/1.0.0"
    requester: "/app"
    status: "found_in_store"
  535 debug pnpm:progress: 
    packageId: "registry.npmjs.org/isstream/0.1.2"
    requester: "/app"
    status: "resolved"
  536 debug pnpm:progress: 
    packageId: "registry.npmjs.org/isstream/0.1.2"
    requester: "/app"
    status: "found_in_store"
  537 debug pnpm:progress: 
    packageId: "registry.npmjs.org/json-stringify-safe/5.0.1"
    requester: "/app"
    status: "resolved"
  538 debug pnpm:progress: 
    packageId: "registry.npmjs.org/json-stringify-safe/5.0.1"
    requester: "/app"
    status: "found_in_store"
  539 debug pnpm:progress: 
    packageId: "registry.npmjs.org/oauth-sign/0.9.0"
    requester: "/app"
    status: "resolved"
  540 debug pnpm:progress: 
    packageId: "registry.npmjs.org/oauth-sign/0.9.0"
    requester: "/app"
    status: "found_in_store"
  541 debug pnpm:progress: 
    packageId: "registry.npmjs.org/performance-now/2.1.0"
    requester: "/app"
    status: "resolved"
  542 debug pnpm:progress: 
    packageId: "registry.npmjs.org/performance-now/2.1.0"
    requester: "/app"
    status: "found_in_store"
  543 debug pnpm:progress: 
    packageId: "registry.npmjs.org/qs/6.5.2"
    requester: "/app"
    status: "resolved"
  544 debug pnpm:progress: 
    packageId: "registry.npmjs.org/qs/6.5.2"
    requester: "/app"
    status: "found_in_store"
  545 debug pnpm:progress: 
    packageId: "registry.npmjs.org/tough-cookie/2.4.3"
    requester: "/app"
    status: "resolved"
  546 debug pnpm:progress: 
    packageId: "registry.npmjs.org/psl/1.4.0"
    requester: "/app"
    status: "resolved"
  547 debug pnpm:progress: 
    packageId: "registry.npmjs.org/tough-cookie/2.4.3"
    requester: "/app"
    status: "found_in_store"
  548 debug pnpm:progress: 
    packageId: "registry.npmjs.org/psl/1.4.0"
    requester: "/app"
    status: "found_in_store"
  549 debug pnpm:progress: 
    packageId: "registry.npmjs.org/punycode/1.4.1"
    requester: "/app"
    status: "resolved"
  550 debug pnpm:progress: 
    packageId: "registry.npmjs.org/punycode/1.4.1"
    requester: "/app"
    status: "found_in_store"
  551 debug pnpm:progress: 
    packageId: "registry.npmjs.org/uuid/3.3.3"
    requester: "/app"
    status: "resolved"
  552 debug pnpm:progress: 
    packageId: "registry.npmjs.org/xml2js/0.4.22"
    requester: "/app"
    status: "resolved"
  553 debug pnpm:progress: 
    packageId: "registry.npmjs.org/util.promisify/1.0.0"
    requester: "/app"
    status: "resolved"
  554 debug pnpm:progress: 
    packageId: "registry.npmjs.org/define-properties/1.1.3"
    requester: "/app"
    status: "resolved"
  555 debug pnpm:progress: 
    packageId: "registry.npmjs.org/uuid/3.3.3"
    requester: "/app"
    status: "found_in_store"
  556 debug pnpm:progress: 
    packageId: "registry.npmjs.org/xml2js/0.4.22"
    requester: "/app"
    status: "found_in_store"
  557 debug pnpm:progress: 
    packageId: "registry.npmjs.org/object-keys/1.1.1"
    requester: "/app"
    status: "resolved"
  558 debug pnpm:progress: 
    packageId: "registry.npmjs.org/util.promisify/1.0.0"
    requester: "/app"
    status: "found_in_store"
  559 debug pnpm:progress: 
    packageId: "registry.npmjs.org/object.getownpropertydescriptors/2.0.3"
    requester: "/app"
    status: "resolved"
  560 debug pnpm:progress: 
    packageId: "registry.npmjs.org/define-properties/1.1.3"
    requester: "/app"
    status: "found_in_store"
  561 debug pnpm:progress: 
    packageId: "registry.npmjs.org/es-abstract/1.14.2"
    requester: "/app"
    status: "resolved"
  562 debug pnpm:progress: 
    packageId: "registry.npmjs.org/object-keys/1.1.1"
    requester: "/app"
    status: "found_in_store"
  563 debug pnpm:progress: 
    packageId: "registry.npmjs.org/es-to-primitive/1.2.0"
    requester: "/app"
    status: "resolved"
  564 debug pnpm:progress: 
    packageId: "registry.npmjs.org/object.getownpropertydescriptors/2.0.3"
    requester: "/app"
    status: "found_in_store"
  565 debug pnpm:progress: 
    packageId: "registry.npmjs.org/is-callable/1.1.4"
    requester: "/app"
    status: "resolved"
  566 debug pnpm:progress: 
    packageId: "registry.npmjs.org/is-date-object/1.0.1"
    requester: "/app"
    status: "resolved"
  567 debug pnpm:progress: 
    packageId: "registry.npmjs.org/is-symbol/1.0.2"
    requester: "/app"
    status: "resolved"
  568 debug pnpm:progress: 
    packageId: "registry.npmjs.org/es-to-primitive/1.2.0"
    requester: "/app"
    status: "found_in_store"
  569 debug pnpm:progress: 
    packageId: "registry.npmjs.org/is-callable/1.1.4"
    requester: "/app"
    status: "found_in_store"
  570 debug pnpm:progress: 
    packageId: "registry.npmjs.org/es-abstract/1.14.2"
    requester: "/app"
    status: "found_in_store"
  571 debug pnpm:progress: 
    packageId: "registry.npmjs.org/has-symbols/1.0.0"
    requester: "/app"
    status: "resolved"
  572 debug pnpm:progress: 
    packageId: "registry.npmjs.org/is-date-object/1.0.1"
    requester: "/app"
    status: "found_in_store"
  573 debug pnpm:progress: 
    packageId: "registry.npmjs.org/function-bind/1.1.1"
    requester: "/app"
    status: "resolved"
  574 debug pnpm:progress: 
    packageId: "registry.npmjs.org/is-symbol/1.0.2"
    requester: "/app"
    status: "found_in_store"
  575 debug pnpm:progress: 
    packageId: "registry.npmjs.org/has/1.0.3"
    requester: "/app"
    status: "resolved"
  576 debug pnpm:progress: 
    packageId: "registry.npmjs.org/has-symbols/1.0.0"
    requester: "/app"
    status: "found_in_store"
  577 debug pnpm:progress: 
    packageId: "registry.npmjs.org/is-regex/1.0.4"
    requester: "/app"
    status: "resolved"
  578 debug pnpm:progress: 
    packageId: "registry.npmjs.org/function-bind/1.1.1"
    requester: "/app"
    status: "found_in_store"
  579 debug pnpm:progress: 
    packageId: "registry.npmjs.org/has/1.0.3"
    requester: "/app"
    status: "found_in_store"
  580 debug pnpm:progress: 
    packageId: "registry.npmjs.org/object-inspect/1.6.0"
    requester: "/app"
    status: "resolved"
  581 debug pnpm:progress: 
    packageId: "registry.npmjs.org/is-regex/1.0.4"
    requester: "/app"
    status: "found_in_store"
  582 debug pnpm:progress: 
    packageId: "registry.npmjs.org/string.prototype.trimleft/2.1.0"
    requester: "/app"
    status: "resolved"
  583 debug pnpm:progress: 
    packageId: "registry.npmjs.org/object-inspect/1.6.0"
    requester: "/app"
    status: "found_in_store"
  584 debug pnpm:progress: 
    packageId: "registry.npmjs.org/string.prototype.trimright/2.1.0"
    requester: "/app"
    status: "resolved"
  585 debug pnpm:progress: 
    packageId: "registry.npmjs.org/string.prototype.trimleft/2.1.0"
    requester: "/app"
    status: "found_in_store"
  586 debug pnpm:progress: 
    packageId: "registry.npmjs.org/ytdl-core/2.1.0"
    requester: "/app"
    status: "resolved"
  587 debug pnpm:progress: 
    packageId: "registry.npmjs.org/html-entities/1.3.1"
    requester: "/app"
    status: "resolved"
  588 debug pnpm:progress: 
    packageId: "registry.npmjs.org/m3u8stream/0.6.5"
    requester: "/app"
    status: "resolved"
  589 debug pnpm:progress: 
    packageId: "registry.npmjs.org/ytdl-core/2.1.0"
    requester: "/app"
    status: "found_in_store"
  590 debug pnpm:progress: 
    packageId: "registry.npmjs.org/miniget/1.7.0"
    requester: "/app"
    status: "resolved"
  591 debug pnpm:stats: 
    added: 293
    prefix: "/app"
  592 debug pnpm:link: 
    target: "/rbd/pnpm-volume/2b75d1d8-181a-4fb2-8d3a-4d7513f82a59/node_modules/.registry.npmjs.org/ansi-styles/4.2.1/node_modules/ansi-styles"
    link: "/rbd/pnpm-volume/2b75d1d8-181a-4fb2-8d3a-4d7513f82a59/node_modules/.registry.npmjs.org/chalk/4.0.0/node_modules/ansi-styles"
  593 debug pnpm:link: 
    target: "/rbd/pnpm-volume/2b75d1d8-181a-4fb2-8d3a-4d7513f82a59/node_modules/.registry.npmjs.org/supports-color/7.1.0/node_modules/supports-color"
    link: "/rbd/pnpm-volume/2b75d1d8-181a-4fb2-8d3a-4d7513f82a59/node_modules/.registry.npmjs.org/chalk/4.0.0/node_modules/supports-color"
  594 debug pnpm:link: 
    target: "/rbd/pnpm-volume/2b75d1d8-181a-4fb2-8d3a-4d7513f82a59/node_modules/.registry.npmjs.org/@types/color-name/1.1.1/node_modules/@types/color-name"
    link: "/rbd/pnpm-volume/2b75d1d8-181a-4fb2-8d3a-4d7513f82a59/node_modules/.registry.npmjs.org/ansi-styles/4.2.1/node_modules/@types/color-name"
  595 debug pnpm:link: 
    target: "/rbd/pnpm-volume/2b75d1d8-181a-4fb2-8d3a-4d7513f82a59/node_modules/.registry.npmjs.org/color-convert/2.0.1/node_modules/color-convert"
    link: "/rbd/pnpm-volume/2b75d1d8-181a-4fb2-8d3a-4d7513f82a59/node_modules/.registry.npmjs.org/ansi-styles/4.2.1/node_modules/color-convert"
  596 debug pnpm:link: 
    target: "/rbd/pnpm-volume/2b75d1d8-181a-4fb2-8d3a-4d7513f82a59/node_modules/.registry.npmjs.org/color-name/1.1.4/node_modules/color-name"
    link: "/rbd/pnpm-volume/2b75d1d8-181a-4fb2-8d3a-4d7513f82a59/node_modules/.registry.npmjs.org/color-convert/2.0.1/node_modules/color-name"
  597 debug pnpm:link: 
    target: "/rbd/pnpm-volume/2b75d1d8-181a-4fb2-8d3a-4d7513f82a59/node_modules/.registry.npmjs.org/has-flag/4.0.0/node_modules/has-flag"
    link: "/rbd/pnpm-volume/2b75d1d8-181a-4fb2-8d3a-4d7513f82a59/node_modules/.registry.npmjs.org/supports-color/7.1.0/node_modules/has-flag"
  598 debug pnpm:link: 
    target: "/rbd/pnpm-volume/2b75d1d8-181a-4fb2-8d3a-4d7513f82a59/node_modules/.registry.npmjs.org/long/4.0.0/node_modules/long"
    link: "/rbd/pnpm-volume/2b75d1d8-181a-4fb2-8d3a-4d7513f82a59/node_modules/.registry.npmjs.org/discord.js/11.6.4/node_modules/long"
  599 debug pnpm:link: 
    target: "/rbd/pnpm-volume/2b75d1d8-181a-4fb2-8d3a-4d7513f82a59/node_modules/.registry.npmjs.org/prism-media/0.0.4/node_modules/prism-media"
    link: "/rbd/pnpm-volume/2b75d1d8-181a-4fb2-8d3a-4d7513f82a59/node_modules/.registry.npmjs.org/discord.js/11.6.4/node_modules/prism-media"
  600 debug pnpm:link: 
    target: "/rbd/pnpm-volume/2b75d1d8-181a-4fb2-8d3a-4d7513f82a59/node_modules/.registry.npmjs.org/snekfetch/3.6.4/node_modules/snekfetch"
    link: "/rbd/pnpm-volume/2b75d1d8-181a-4fb2-8d3a-4d7513f82a59/node_modules/.registry.npmjs.org/discord.js/11.6.4/node_modules/snekfetch"
  601 debug pnpm:link: 
    target: "/rbd/pnpm-volume/2b75d1d8-181a-4fb2-8d3a-4d7513f82a59/node_modules/.registry.npmjs.org/tweetnacl/1.0.3/node_modules/tweetnacl"
    link: "/rbd/pnpm-volume/2b75d1d8-181a-4fb2-8d3a-4d7513f82a59/node_modules/.registry.npmjs.org/discord.js/11.6.4/node_modules/tweetnacl"
  602 debug pnpm:link: 
    target: "/rbd/pnpm-volume/2b75d1d8-181a-4fb2-8d3a-4d7513f82a59/node_modules/.registry.npmjs.org/ws/6.2.1/node_modules/ws"
    link: "/rbd/pnpm-volume/2b75d1d8-181a-4fb2-8d3a-4d7513f82a59/node_modules/.registry.npmjs.org/discord.js/11.6.4/node_modules/ws"
  603 debug pnpm:link: 
    target: "/rbd/pnpm-volume/2b75d1d8-181a-4fb2-8d3a-4d7513f82a59/node_modules/.registry.npmjs.org/async-limiter/1.0.1/node_modules/async-limiter"
    link: "/rbd/pnpm-volume/2b75d1d8-181a-4fb2-8d3a-4d7513f82a59/node_modules/.registry.npmjs.org/ws/6.2.1/node_modules/async-limiter"
  604 debug pnpm:link: 
    target: "/rbd/pnpm-volume/2b75d1d8-181a-4fb2-8d3a-4d7513f82a59/node_modules/.registry.npmjs.org/accepts/1.3.7/node_modules/accepts"
    link: "/rbd/pnpm-volume/2b75d1d8-181a-4fb2-8d3a-4d7513f82a59/node_modules/.registry.npmjs.org/express/4.17.1/node_modules/accepts"
  605 debug pnpm:link: 
    target: "/rbd/pnpm-volume/2b75d1d8-181a-4fb2-8d3a-4d7513f82a59/node_modules/.registry.npmjs.org/array-flatten/1.1.1/node_modules/array-flatten"
    link: "/rbd/pnpm-volume/2b75d1d8-181a-4fb2-8d3a-4d7513f82a59/node_modules/.registry.npmjs.org/express/4.17.1/node_modules/array-flatten"
  606 debug pnpm:link: 
    target: "/rbd/pnpm-volume/2b75d1d8-181a-4fb2-8d3a-4d7513f82a59/node_modules/.registry.npmjs.org/body-parser/1.19.0/node_modules/body-parser"
    link: "/rbd/pnpm-volume/2b75d1d8-181a-4fb2-8d3a-4d7513f82a59/node_modules/.registry.npmjs.org/express/4.17.1/node_modules/body-parser"
  607 debug pnpm:link: 
    target: "/rbd/pnpm-volume/2b75d1d8-181a-4fb2-8d3a-4d7513f82a59/node_modules/.registry.npmjs.org/content-disposition/0.5.3/node_modules/content-disposition"
    link: "/rbd/pnpm-volume/2b75d1d8-181a-4fb2-8d3a-4d7513f82a59/node_modules/.registry.npmjs.org/express/4.17.1/node_modules/content-disposition"
  608 debug pnpm:link: 
    target: "/rbd/pnpm-volume/2b75d1d8-181a-4fb2-8d3a-4d7513f82a59/node_modules/.registry.npmjs.org/content-type/1.0.4/node_modules/content-type"
    link: "/rbd/pnpm-volume/2b75d1d8-181a-4fb2-8d3a-4d7513f82a59/node_modules/.registry.npmjs.org/express/4.17.1/node_modules/content-type"
  609 debug pnpm:link: 
    target: "/rbd/pnpm-volume/2b75d1d8-181a-4fb2-8d3a-4d7513f82a59/node_modules/.registry.npmjs.org/cookie/0.4.0/node_modules/cookie"
    link: "/rbd/pnpm-volume/2b75d1d8-181a-4fb2-8d3a-4d7513f82a59/node_modules/.registry.npmjs.org/express/4.17.1/node_modules/cookie"
  610 debug pnpm:link: 
    target: "/rbd/pnpm-volume/2b75d1d8-181a-4fb2-8d3a-4d7513f82a59/node_modules/.registry.npmjs.org/cookie-signature/1.0.6/node_modules/cookie-signature"
    link: "/rbd/pnpm-volume/2b75d1d8-181a-4fb2-8d3a-4d7513f82a59/node_modules/.registry.npmjs.org/express/4.17.1/node_modules/cookie-signature"
  611 debug pnpm:link: 
    target: "/rbd/pnpm-volume/2b75d1d8-181a-4fb2-8d3a-4d7513f82a59/node_modules/.registry.npmjs.org/debug/2.6.9/node_modules/debug"
    link: "/rbd/pnpm-volume/2b75d1d8-181a-4fb2-8d3a-4d7513f82a59/node_modules/.registry.npmjs.org/express/4.17.1/node_modules/debug"
  612 debug pnpm:link: 
    target: "/rbd/pnpm-volume/2b75d1d8-181a-4fb2-8d3a-4d7513f82a59/node_modules/.registry.npmjs.org/depd/1.1.2/node_modules/depd"
    link: "/rbd/pnpm-volume/2b75d1d8-181a-4fb2-8d3a-4d7513f82a59/node_modules/.registry.npmjs.org/express/4.17.1/node_modules/depd"
  613 debug pnpm:link: 
    target: "/rbd/pnpm-volume/2b75d1d8-181a-4fb2-8d3a-4d7513f82a59/node_modules/.registry.npmjs.org/encodeurl/1.0.2/node_modules/encodeurl"
    link: "/rbd/pnpm-volume/2b75d1d8-181a-4fb2-8d3a-4d7513f82a59/node_modules/.registry.npmjs.org/express/4.17.1/node_modules/encodeurl"
  614 debug pnpm:link: 
    target: "/rbd/pnpm-volume/2b75d1d8-181a-4fb2-8d3a-4d7513f82a59/node_modules/.registry.npmjs.org/escape-html/1.0.3/node_modules/escape-html"
    link: "/rbd/pnpm-volume/2b75d1d8-181a-4fb2-8d3a-4d7513f82a59/node_modules/.registry.npmjs.org/express/4.17.1/node_modules/escape-html"
  615 debug pnpm:link: 
    target: "/rbd/pnpm-volume/2b75d1d8-181a-4fb2-8d3a-4d7513f82a59/node_modules/.registry.npmjs.org/etag/1.8.1/node_modules/etag"
    link: "/rbd/pnpm-volume/2b75d1d8-181a-4fb2-8d3a-4d7513f82a59/node_modules/.registry.npmjs.org/express/4.17.1/node_modules/etag"
  616 debug pnpm:link: 
    target: "/rbd/pnpm-volume/2b75d1d8-181a-4fb2-8d3a-4d7513f82a59/node_modules/.registry.npmjs.org/finalhandler/1.1.2/node_modules/finalhandler"
    link: "/rbd/pnpm-volume/2b75d1d8-181a-4fb2-8d3a-4d7513f82a59/node_modules/.registry.npmjs.org/express/4.17.1/node_modules/finalhandler"
  617 debug pnpm:link: 
    target: "/rbd/pnpm-volume/2b75d1d8-181a-4fb2-8d3a-4d7513f82a59/node_modules/.registry.npmjs.org/fresh/0.5.2/node_modules/fresh"
    link: "/rbd/pnpm-volume/2b75d1d8-181a-4fb2-8d3a-4d7513f82a59/node_modules/.registry.npmjs.org/express/4.17.1/node_modules/fresh"
  618 debug pnpm:link: 
    target: "/rbd/pnpm-volume/2b75d1d8-181a-4fb2-8d3a-4d7513f82a59/node_modules/.registry.npmjs.org/merge-descriptors/1.0.1/node_modules/merge-descriptors"
    link: "/rbd/pnpm-volume/2b75d1d8-181a-4fb2-8d3a-4d7513f82a59/node_modules/.registry.npmjs.org/express/4.17.1/node_modules/merge-descriptors"
  619 debug pnpm:link: 
    target: "/rbd/pnpm-volume/2b75d1d8-181a-4fb2-8d3a-4d7513f82a59/node_modules/.registry.npmjs.org/methods/1.1.2/node_modules/methods"
    link: "/rbd/pnpm-volume/2b75d1d8-181a-4fb2-8d3a-4d7513f82a59/node_modules/.registry.npmjs.org/express/4.17.1/node_modules/methods"
  620 debug pnpm:link: 
    target: "/rbd/pnpm-volume/2b75d1d8-181a-4fb2-8d3a-4d7513f82a59/node_modules/.registry.npmjs.org/on-finished/2.3.0/node_modules/on-finished"
    link: "/rbd/pnpm-volume/2b75d1d8-181a-4fb2-8d3a-4d7513f82a59/node_modules/.registry.npmjs.org/express/4.17.1/node_modules/on-finished"
  621 debug pnpm:link: 
    target: "/rbd/pnpm-volume/2b75d1d8-181a-4fb2-8d3a-4d7513f82a59/node_modules/.registry.npmjs.org/parseurl/1.3.3/node_modules/parseurl"
    link: "/rbd/pnpm-volume/2b75d1d8-181a-4fb2-8d3a-4d7513f82a59/node_modules/.registry.npmjs.org/express/4.17.1/node_modules/parseurl"
  622 debug pnpm:link: 
    target: "/rbd/pnpm-volume/2b75d1d8-181a-4fb2-8d3a-4d7513f82a59/node_modules/.registry.npmjs.org/path-to-regexp/0.1.7/node_modules/path-to-regexp"
    link: "/rbd/pnpm-volume/2b75d1d8-181a-4fb2-8d3a-4d7513f82a59/node_modules/.registry.npmjs.org/express/4.17.1/node_modules/path-to-regexp"
  623 debug pnpm:link: 
    target: "/rbd/pnpm-volume/2b75d1d8-181a-4fb2-8d3a-4d7513f82a59/node_modules/.registry.npmjs.org/proxy-addr/2.0.6/node_modules/proxy-addr"
    link: "/rbd/pnpm-volume/2b75d1d8-181a-4fb2-8d3a-4d7513f82a59/node_modules/.registry.npmjs.org/express/4.17.1/node_modules/proxy-addr"
  624 debug pnpm:link: 
    target: "/rbd/pnpm-volume/2b75d1d8-181a-4fb2-8d3a-4d7513f82a59/node_modules/.registry.npmjs.org/qs/6.7.0/node_modules/qs"
    link: "/rbd/pnpm-volume/2b75d1d8-181a-4fb2-8d3a-4d7513f82a59/node_modules/.registry.npmjs.org/express/4.17.1/node_modules/qs"
  625 debug pnpm:link: 
    target: "/rbd/pnpm-volume/2b75d1d8-181a-4fb2-8d3a-4d7513f82a59/node_modules/.registry.npmjs.org/range-parser/1.2.1/node_modules/range-parser"
    link: "/rbd/pnpm-volume/2b75d1d8-181a-4fb2-8d3a-4d7513f82a59/node_modules/.registry.npmjs.org/express/4.17.1/node_modules/range-parser"
  626 debug pnpm:link: 
    target: "/rbd/pnpm-volume/2b75d1d8-181a-4fb2-8d3a-4d7513f82a59/node_modules/.registry.npmjs.org/safe-buffer/5.1.2/node_modules/safe-buffer"
    link: "/rbd/pnpm-volume/2b75d1d8-181a-4fb2-8d3a-4d7513f82a59/node_modules/.registry.npmjs.org/express/4.17.1/node_modules/safe-buffer"
  627 debug pnpm:link: 
    target: "/rbd/pnpm-volume/2b75d1d8-181a-4fb2-8d3a-4d7513f82a59/node_modules/.registry.npmjs.org/send/0.17.1/node_modules/send"
    link: "/rbd/pnpm-volume/2b75d1d8-181a-4fb2-8d3a-4d7513f82a59/node_modules/.registry.npmjs.org/express/4.17.1/node_modules/send"
  628 debug pnpm:link: 
    target: "/rbd/pnpm-volume/2b75d1d8-181a-4fb2-8d3a-4d7513f82a59/node_modules/.registry.npmjs.org/serve-static/1.14.1/node_modules/serve-static"
    link: "/rbd/pnpm-volume/2b75d1d8-181a-4fb2-8d3a-4d7513f82a59/node_modules/.registry.npmjs.org/express/4.17.1/node_modules/serve-static"
  629 debug pnpm:link: 
    target: "/rbd/pnpm-volume/2b75d1d8-181a-4fb2-8d3a-4d7513f82a59/node_modules/.registry.npmjs.org/setprototypeof/1.1.1/node_modules/setprototypeof"
    link: "/rbd/pnpm-volume/2b75d1d8-181a-4fb2-8d3a-4d7513f82a59/node_modules/.registry.npmjs.org/express/4.17.1/node_modules/setprototypeof"
  630 debug pnpm:link: 
    target: "/rbd/pnpm-volume/2b75d1d8-181a-4fb2-8d3a-4d7513f82a59/node_modules/.registry.npmjs.org/statuses/1.5.0/node_modules/statuses"
    link: "/rbd/pnpm-volume/2b75d1d8-181a-4fb2-8d3a-4d7513f82a59/node_modules/.registry.npmjs.org/express/4.17.1/node_modules/statuses"
  631 debug pnpm:link: 
    target: "/rbd/pnpm-volume/2b75d1d8-181a-4fb2-8d3a-4d7513f82a59/node_modules/.registry.npmjs.org/type-is/1.6.18/node_modules/type-is"
    link: "/rbd/pnpm-volume/2b75d1d8-181a-4fb2-8d3a-4d7513f82a59/node_modules/.registry.npmjs.org/express/4.17.1/node_modules/type-is"
  632 debug pnpm:link: 
    target: "/rbd/pnpm-volume/2b75d1d8-181a-4fb2-8d3a-4d7513f82a59/node_modules/.registry.npmjs.org/utils-merge/1.0.1/node_modules/utils-merge"
    link: "/rbd/pnpm-volume/2b75d1d8-181a-4fb2-8d3a-4d7513f82a59/node_modules/.registry.npmjs.org/express/4.17.1/node_modules/utils-merge"
  633 debug pnpm:link: 
    target: "/rbd/pnpm-volume/2b75d1d8-181a-4fb2-8d3a-4d7513f82a59/node_modules/.registry.npmjs.org/vary/1.1.2/node_modules/vary"
    link: "/rbd/pnpm-volume/2b75d1d8-181a-4fb2-8d3a-4d7513f82a59/node_modules/.registry.npmjs.org/express/4.17.1/node_modules/vary"
  634 debug pnpm:link: 
    target: "/rbd/pnpm-volume/2b75d1d8-181a-4fb2-8d3a-4d7513f82a59/node_modules/.registry.npmjs.org/mime-types/2.1.27/node_modules/mime-types"
    link: "/rbd/pnpm-volume/2b75d1d8-181a-4fb2-8d3a-4d7513f82a59/node_modules/.registry.npmjs.org/accepts/1.3.7/node_modules/mime-types"
  635 debug pnpm:link: 
    target: "/rbd/pnpm-volume/2b75d1d8-181a-4fb2-8d3a-4d7513f82a59/node_modules/.registry.npmjs.org/negotiator/0.6.2/node_modules/negotiator"
    link: "/rbd/pnpm-volume/2b75d1d8-181a-4fb2-8d3a-4d7513f82a59/node_modules/.registry.npmjs.org/accepts/1.3.7/node_modules/negotiator"
  636 debug pnpm:link: 
    target: "/rbd/pnpm-volume/2b75d1d8-181a-4fb2-8d3a-4d7513f82a59/node_modules/.registry.npmjs.org/mime-db/1.44.0/node_modules/mime-db"
    link: "/rbd/pnpm-volume/2b75d1d8-181a-4fb2-8d3a-4d7513f82a59/node_modules/.registry.npmjs.org/mime-types/2.1.27/node_modules/mime-db"
  637 debug pnpm:link: 
    target: "/rbd/pnpm-volume/2b75d1d8-181a-4fb2-8d3a-4d7513f82a59/node_modules/.registry.npmjs.org/bytes/3.1.0/node_modules/bytes"
    link: "/rbd/pnpm-volume/2b75d1d8-181a-4fb2-8d3a-4d7513f82a59/node_modules/.registry.npmjs.org/body-parser/1.19.0/node_modules/bytes"
  638 debug pnpm:link: 
    target: "/rbd/pnpm-volume/2b75d1d8-181a-4fb2-8d3a-4d7513f82a59/node_modules/.registry.npmjs.org/content-type/1.0.4/node_modules/content-type"
    link: "/rbd/pnpm-volume/2b75d1d8-181a-4fb2-8d3a-4d7513f82a59/node_modules/.registry.npmjs.org/body-parser/1.19.0/node_modules/content-type"
  639 debug pnpm:link: 
    target: "/rbd/pnpm-volume/2b75d1d8-181a-4fb2-8d3a-4d7513f82a59/node_modules/.registry.npmjs.org/debug/2.6.9/node_modules/debug"
    link: "/rbd/pnpm-volume/2b75d1d8-181a-4fb2-8d3a-4d7513f82a59/node_modules/.registry.npmjs.org/body-parser/1.19.0/node_modules/debug"
  640 debug pnpm:link: 
    target: "/rbd/pnpm-volume/2b75d1d8-181a-4fb2-8d3a-4d7513f82a59/node_modules/.registry.npmjs.org/depd/1.1.2/node_modules/depd"
    link: "/rbd/pnpm-volume/2b75d1d8-181a-4fb2-8d3a-4d7513f82a59/node_modules/.registry.npmjs.org/body-parser/1.19.0/node_modules/depd"
  641 debug pnpm:link: 
    target: "/rbd/pnpm-volume/2b75d1d8-181a-4fb2-8d3a-4d7513f82a59/node_modules/.registry.npmjs.org/http-errors/1.7.2/node_modules/http-errors"
    link: "/rbd/pnpm-volume/2b75d1d8-181a-4fb2-8d3a-4d7513f82a59/node_modules/.registry.npmjs.org/body-parser/1.19.0/node_modules/http-errors"
  642 debug pnpm:link: 
    target: "/rbd/pnpm-volume/2b75d1d8-181a-4fb2-8d3a-4d7513f82a59/node_modules/.registry.npmjs.org/iconv-lite/0.4.24/node_modules/iconv-lite"
    link: "/rbd/pnpm-volume/2b75d1d8-181a-4fb2-8d3a-4d7513f82a59/node_modules/.registry.npmjs.org/body-parser/1.19.0/node_modules/iconv-lite"
  643 debug pnpm:link: 
    target: "/rbd/pnpm-volume/2b75d1d8-181a-4fb2-8d3a-4d7513f82a59/node_modules/.registry.npmjs.org/on-finished/2.3.0/node_modules/on-finished"
    link: "/rbd/pnpm-volume/2b75d1d8-181a-4fb2-8d3a-4d7513f82a59/node_modules/.registry.npmjs.org/body-parser/1.19.0/node_modules/on-finished"
  644 debug pnpm:link: 
    target: "/rbd/pnpm-volume/2b75d1d8-181a-4fb2-8d3a-4d7513f82a59/node_modules/.registry.npmjs.org/qs/6.7.0/node_modules/qs"
    link: "/rbd/pnpm-volume/2b75d1d8-181a-4fb2-8d3a-4d7513f82a59/node_modules/.registry.npmjs.org/body-parser/1.19.0/node_modules/qs"
  645 debug pnpm:link: 
    target: "/rbd/pnpm-volume/2b75d1d8-181a-4fb2-8d3a-4d7513f82a59/node_modules/.registry.npmjs.org/raw-body/2.4.0/node_modules/raw-body"
    link: "/rbd/pnpm-volume/2b75d1d8-181a-4fb2-8d3a-4d7513f82a59/node_modules/.registry.npmjs.org/body-parser/1.19.0/node_modules/raw-body"
  646 debug pnpm:link: 
    target: "/rbd/pnpm-volume/2b75d1d8-181a-4fb2-8d3a-4d7513f82a59/node_modules/.registry.npmjs.org/type-is/1.6.18/node_modules/type-is"
    link: "/rbd/pnpm-volume/2b75d1d8-181a-4fb2-8d3a-4d7513f82a59/node_modules/.registry.npmjs.org/body-parser/1.19.0/node_modules/type-is"
  647 debug pnpm:link: 
    target: "/rbd/pnpm-volume/2b75d1d8-181a-4fb2-8d3a-4d7513f82a59/node_modules/.registry.npmjs.org/ms/2.0.0/node_modules/ms"
    link: "/rbd/pnpm-volume/2b75d1d8-181a-4fb2-8d3a-4d7513f82a59/node_modules/.registry.npmjs.org/debug/2.6.9/node_modules/ms"
  648 debug pnpm:link: 
    target: "/rbd/pnpm-volume/2b75d1d8-181a-4fb2-8d3a-4d7513f82a59/node_modules/.registry.npmjs.org/depd/1.1.2/node_modules/depd"
    link: "/rbd/pnpm-volume/2b75d1d8-181a-4fb2-8d3a-4d7513f82a59/node_modules/.registry.npmjs.org/http-errors/1.7.2/node_modules/depd"
  649 debug pnpm:link: 
    target: "/rbd/pnpm-volume/2b75d1d8-181a-4fb2-8d3a-4d7513f82a59/node_modules/.registry.npmjs.org/inherits/2.0.3/node_modules/inherits"
    link: "/rbd/pnpm-volume/2b75d1d8-181a-4fb2-8d3a-4d7513f82a59/node_modules/.registry.npmjs.org/http-errors/1.7.2/node_modules/inherits"
  650 debug pnpm:link: 
    target: "/rbd/pnpm-volume/2b75d1d8-181a-4fb2-8d3a-4d7513f82a59/node_modules/.registry.npmjs.org/setprototypeof/1.1.1/node_modules/setprototypeof"
    link: "/rbd/pnpm-volume/2b75d1d8-181a-4fb2-8d3a-4d7513f82a59/node_modules/.registry.npmjs.org/http-errors/1.7.2/node_modules/setprototypeof"
  651 debug pnpm:link: 
    target: "/rbd/pnpm-volume/2b75d1d8-181a-4fb2-8d3a-4d7513f82a59/node_modules/.registry.npmjs.org/statuses/1.5.0/node_modules/statuses"
    link: "/rbd/pnpm-volume/2b75d1d8-181a-4fb2-8d3a-4d7513f82a59/node_modules/.registry.npmjs.org/http-errors/1.7.2/node_modules/statuses"
  652 debug pnpm:link: 
    target: "/rbd/pnpm-volume/2b75d1d8-181a-4fb2-8d3a-4d7513f82a59/node_modules/.registry.npmjs.org/toidentifier/1.0.0/node_modules/toidentifier"
    link: "/rbd/pnpm-volume/2b75d1d8-181a-4fb2-8d3a-4d7513f82a59/node_modules/.registry.npmjs.org/http-errors/1.7.2/node_modules/toidentifier"
  653 debug pnpm:link: 
    target: "/rbd/pnpm-volume/2b75d1d8-181a-4fb2-8d3a-4d7513f82a59/node_modules/.registry.npmjs.org/safer-buffer/2.1.2/node_modules/safer-buffer"
    link: "/rbd/pnpm-volume/2b75d1d8-181a-4fb2-8d3a-4d7513f82a59/node_modules/.registry.npmjs.org/iconv-lite/0.4.24/node_modules/safer-buffer"
  654 debug pnpm:link: 
    target: "/rbd/pnpm-volume/2b75d1d8-181a-4fb2-8d3a-4d7513f82a59/node_modules/.registry.npmjs.org/ee-first/1.1.1/node_modules/ee-first"
    link: "/rbd/pnpm-volume/2b75d1d8-181a-4fb2-8d3a-4d7513f82a59/node_modules/.registry.npmjs.org/on-finished/2.3.0/node_modules/ee-first"
  655 debug pnpm:link: 
    target: "/rbd/pnpm-volume/2b75d1d8-181a-4fb2-8d3a-4d7513f82a59/node_modules/.registry.npmjs.org/bytes/3.1.0/node_modules/bytes"
    link: "/rbd/pnpm-volume/2b75d1d8-181a-4fb2-8d3a-4d7513f82a59/node_modules/.registry.npmjs.org/raw-body/2.4.0/node_modules/bytes"
  656 debug pnpm:link: 
    target: "/rbd/pnpm-volume/2b75d1d8-181a-4fb2-8d3a-4d7513f82a59/node_modules/.registry.npmjs.org/http-errors/1.7.2/node_modules/http-errors"
    link: "/rbd/pnpm-volume/2b75d1d8-181a-4fb2-8d3a-4d7513f82a59/node_modules/.registry.npmjs.org/raw-body/2.4.0/node_modules/http-errors"
  657 debug pnpm:link: 
    target: "/rbd/pnpm-volume/2b75d1d8-181a-4fb2-8d3a-4d7513f82a59/node_modules/.registry.npmjs.org/iconv-lite/0.4.24/node_modules/iconv-lite"
    link: "/rbd/pnpm-volume/2b75d1d8-181a-4fb2-8d3a-4d7513f82a59/node_modules/.registry.npmjs.org/raw-body/2.4.0/node_modules/iconv-lite"
  658 debug pnpm:link: 
    target: "/rbd/pnpm-volume/2b75d1d8-181a-4fb2-8d3a-4d7513f82a59/node_modules/.registry.npmjs.org/unpipe/1.0.0/node_modules/unpipe"
    link: "/rbd/pnpm-volume/2b75d1d8-181a-4fb2-8d3a-4d7513f82a59/node_modules/.registry.npmjs.org/raw-body/2.4.0/node_modules/unpipe"
  659 debug pnpm:link: 
    target: "/rbd/pnpm-volume/2b75d1d8-181a-4fb2-8d3a-4d7513f82a59/node_modules/.registry.npmjs.org/media-typer/0.3.0/node_modules/media-typer"
    link: "/rbd/pnpm-volume/2b75d1d8-181a-4fb2-8d3a-4d7513f82a59/node_modules/.registry.npmjs.org/type-is/1.6.18/node_modules/media-typer"
  660 debug pnpm:link: 
    target: "/rbd/pnpm-volume/2b75d1d8-181a-4fb2-8d3a-4d7513f82a59/node_modules/.registry.npmjs.org/mime-types/2.1.27/node_modules/mime-types"
    link: "/rbd/pnpm-volume/2b75d1d8-181a-4fb2-8d3a-4d7513f82a59/node_modules/.registry.npmjs.org/type-is/1.6.18/node_modules/mime-types"
  661 debug pnpm:progress: 
    packageId: "registry.npmjs.org/html-entities/1.3.1"
    requester: "/app"
    status: "found_in_store"
  662 debug pnpm:progress: 
    packageId: "registry.npmjs.org/m3u8stream/0.6.5"
    requester: "/app"
    status: "found_in_store"
  663 debug pnpm:progress: 
    packageId: "registry.npmjs.org/miniget/1.7.0"
    requester: "/app"
    status: "found_in_store"
  664 debug pnpm:progress: 
    packageId: "registry.npmjs.org/string.prototype.trimright/2.1.0"
    requester: "/app"
    status: "found_in_store"
  665 error pnpm: "Cannot read property 'fromStore' of undefined"
